Arguments: 
  C:\Program Files\nodejs\node.exe C:\Users\home-1\AppData\Roaming\npm\node_modules\yarn\bin\yarn.js add vite-plugin-monaco

PATH: 
  ;;C:\Program Files\Microsoft\jdk-11.0.16.101-hotspot\bin;C:\Program Files (x86)\Intel\Intel(R) Management Engine Components\iCLS\;C:\Program Files\Intel\Intel(R) Management Engine Components\iCLS\;C:\Windows\system32;C:\Windows;C:\Windows\System32\Wbem;C:\Windows\System32\WindowsPowerShell\v1.0\;C:\Program Files (x86)\Intel\Intel(R) Management Engine Components\DAL;C:\Program Files\Intel\Intel(R) Management Engine Components\DAL;C:\Program Files (x86)\Intel\Intel(R) Management Engine Components\IPT;C:\Program Files\Intel\Intel(R) Management Engine Components\IPT;C:\Program Files (x86)\NVIDIA Corporation\PhysX\Common;G:\zp\applications\git\Git\cmd;C:\WINDOWS\system32;C:\WINDOWS;C:\WINDOWS\System32\Wbem;C:\WINDOWS\System32\WindowsPowerShell\v1.0\;C:\WINDOWS\System32\OpenSSH\;G:\zp\applications\微信开发者工具\微信web开发者工具\dll;C:\Program Fi;es\Microsoft SQL Server\150\Tools\Binn\;C:\Program Files\Microsoft SQL Server\Client SDK\ODBC\170\Tools\Binn\;C:\Program Files\dotnet\;D:\k6;C:\Program Files\NVIDIA Corporation\NVIDIA NvDLISR;D:\Seq\;D:\Seq\Client\;D:\tortoise-git\bin;D:\flutter_windows_3.10.5-stable\flutter\bin;C:\Program Files\nodejs\;C:\Users\home-1\scoop\shims;C:\Users\home-1\AppData\Local\Microsoft\WindowsApps;C:\Users\home-1\.dotnet\tools;G:\zp\applications\fiddler;C:\Users\home-1\.dotnet\tools;D:\Microsoft VS Code\bin;C:\Users\home-1\.dotnet\tools;D:\flutter_windows_3.10.5-stable\flutter;D:\ffmpeg\bin;C:\Users\home-1\AppData\Local\JetBrains\Toolbox\scripts;C:\Users\home-1\AppData\Roaming\npm;D:\DevEco Studio\bin;

Yarn version: 
  1.22.17

Node version: 
  20.10.0

Platform: 
  win32 x64

Trace: 
  Error: https://registry.npmjs.org/vite-plugin-monaco: Not found
      at params.callback [as _callback] (C:\Users\home-1\AppData\Roaming\npm\node_modules\yarn\lib\cli.js:67029:18)
      at self.callback (C:\Users\home-1\AppData\Roaming\npm\node_modules\yarn\lib\cli.js:140883:22)
      at Request.emit (node:events:514:28)
      at Request.<anonymous> (C:\Users\home-1\AppData\Roaming\npm\node_modules\yarn\lib\cli.js:141855:10)
      at Request.emit (node:events:514:28)
      at IncomingMessage.<anonymous> (C:\Users\home-1\AppData\Roaming\npm\node_modules\yarn\lib\cli.js:141777:12)
      at Object.onceWrapper (node:events:628:28)
      at IncomingMessage.emit (node:events:526:35)
      at endReadableNT (node:internal/streams/readable:1589:12)
      at process.processTicksAndRejections (node:internal/process/task_queues:82:21)

npm manifest: 
  {
    "name": "wang-tools",
    "version": "1.0.0",
    "main": "index.js",
    "license": "MIT",
    "scripts": {
      "dev": "vitepress dev docs",
      "build": "vitepress build docs",
      "serve": "vitepress serve docs",
      "test": "vitest"
    },
    "devDependencies": {
      "vitepress": "^1.0.0-rc.20",
      "vitest": "0.33.0"
    },
    "dependencies": {
      "@turf/bbox": "^6.5.0",
      "@turf/meta": "^6.5.0",
      "maplibre-gl": "^3.4.0",
      "mathjs": "11.12.0",
      "monaco-editor": "^0.48.0",
      "wheater": "^1.0.8"
    }
  }

yarn manifest: 
  No manifest

Lockfile: 
  # THIS IS AN AUTOGENERATED FILE. DO NOT EDIT THIS FILE DIRECTLY.
  # yarn lockfile v1
  
  
  "@algolia/autocomplete-core@1.9.3":
    version "1.9.3"
    resolved "https://registry.npmjs.org/@algolia/autocomplete-core/-/autocomplete-core-1.9.3.tgz#1d56482a768c33aae0868c8533049e02e8961be7"
    integrity sha512-009HdfugtGCdC4JdXUbVJClA0q0zh24yyePn+KUGk3rP7j8FEe/m5Yo/z65gn6nP/cM39PxpzqKrL7A6fP6PPw==
    dependencies:
      "@algolia/autocomplete-plugin-algolia-insights" "1.9.3"
      "@algolia/autocomplete-shared" "1.9.3"
  
  "@algolia/autocomplete-plugin-algolia-insights@1.9.3":
    version "1.9.3"
    resolved "https://registry.npmjs.org/@algolia/autocomplete-plugin-algolia-insights/-/autocomplete-plugin-algolia-insights-1.9.3.tgz#9b7f8641052c8ead6d66c1623d444cbe19dde587"
    integrity sha512-a/yTUkcO/Vyy+JffmAnTWbr4/90cLzw+CC3bRbhnULr/EM0fGNvM13oQQ14f2moLMcVDyAx/leczLlAOovhSZg==
    dependencies:
      "@algolia/autocomplete-shared" "1.9.3"
  
  "@algolia/autocomplete-preset-algolia@1.9.3":
    version "1.9.3"
    resolved "https://registry.npmjs.org/@algolia/autocomplete-preset-algolia/-/autocomplete-preset-algolia-1.9.3.tgz#64cca4a4304cfcad2cf730e83067e0c1b2f485da"
    integrity sha512-d4qlt6YmrLMYy95n5TB52wtNDr6EgAIPH81dvvvW8UmuWRgxEtY0NJiPwl/h95JtG2vmRM804M0DSwMCNZlzRA==
    dependencies:
      "@algolia/autocomplete-shared" "1.9.3"
  
  "@algolia/autocomplete-shared@1.9.3":
    version "1.9.3"
    resolved "https://registry.npmjs.org/@algolia/autocomplete-shared/-/autocomplete-shared-1.9.3.tgz#2e22e830d36f0a9cf2c0ccd3c7f6d59435b77dfa"
    integrity sha512-Wnm9E4Ye6Rl6sTTqjoymD+l8DjSTHsHboVRYrKgEt8Q7UHm9nYbqhN/i0fhUYA3OAEH7WA8x3jfpnmJm3rKvaQ==
  
  "@algolia/cache-browser-local-storage@4.20.0":
    version "4.20.0"
    resolved "https://registry.npmjs.org/@algolia/cache-browser-local-storage/-/cache-browser-local-storage-4.20.0.tgz#357318242fc542ffce41d6eb5b4a9b402921b0bb"
    integrity sha512-uujahcBt4DxduBTvYdwO3sBfHuJvJokiC3BP1+O70fglmE1ShkH8lpXqZBac1rrU3FnNYSUs4pL9lBdTKeRPOQ==
    dependencies:
      "@algolia/cache-common" "4.20.0"
  
  "@algolia/cache-common@4.20.0":
    version "4.20.0"
    resolved "https://registry.npmjs.org/@algolia/cache-common/-/cache-common-4.20.0.tgz#ec52230509fce891091ffd0d890618bcdc2fa20d"
    integrity sha512-vCfxauaZutL3NImzB2G9LjLt36vKAckc6DhMp05An14kVo8F1Yofb6SIl6U3SaEz8pG2QOB9ptwM5c+zGevwIQ==
  
  "@algolia/cache-in-memory@4.20.0":
    version "4.20.0"
    resolved "https://registry.npmjs.org/@algolia/cache-in-memory/-/cache-in-memory-4.20.0.tgz#5f18d057bd6b3b075022df085c4f83bcca4e3e67"
    integrity sha512-Wm9ak/IaacAZXS4mB3+qF/KCoVSBV6aLgIGFEtQtJwjv64g4ePMapORGmCyulCFwfePaRAtcaTbMcJF+voc/bg==
    dependencies:
      "@algolia/cache-common" "4.20.0"
  
  "@algolia/client-account@4.20.0":
    version "4.20.0"
    resolved "https://registry.npmjs.org/@algolia/client-account/-/client-account-4.20.0.tgz#23ce0b4cffd63100fb7c1aa1c67a4494de5bd645"
    integrity sha512-GGToLQvrwo7am4zVkZTnKa72pheQeez/16sURDWm7Seyz+HUxKi3BM6fthVVPUEBhtJ0reyVtuK9ArmnaKl10Q==
    dependencies:
      "@algolia/client-common" "4.20.0"
      "@algolia/client-search" "4.20.0"
      "@algolia/transporter" "4.20.0"
  
  "@algolia/client-analytics@4.20.0":
    version "4.20.0"
    resolved "https://registry.npmjs.org/@algolia/client-analytics/-/client-analytics-4.20.0.tgz#0aa6bef35d3a41ac3991b3f46fcd0bf00d276fa9"
    integrity sha512-EIr+PdFMOallRdBTHHdKI3CstslgLORQG7844Mq84ib5oVFRVASuuPmG4bXBgiDbcsMLUeOC6zRVJhv1KWI0ug==
    dependencies:
      "@algolia/client-common" "4.20.0"
      "@algolia/client-search" "4.20.0"
      "@algolia/requester-common" "4.20.0"
      "@algolia/transporter" "4.20.0"
  
  "@algolia/client-common@4.20.0":
    version "4.20.0"
    resolved "https://registry.npmjs.org/@algolia/client-common/-/client-common-4.20.0.tgz#ca60f04466515548651c4371a742fbb8971790ef"
    integrity sha512-P3WgMdEss915p+knMMSd/fwiHRHKvDu4DYRrCRaBrsfFw7EQHon+EbRSm4QisS9NYdxbS04kcvNoavVGthyfqQ==
    dependencies:
      "@algolia/requester-common" "4.20.0"
      "@algolia/transporter" "4.20.0"
  
  "@algolia/client-personalization@4.20.0":
    version "4.20.0"
    resolved "https://registry.npmjs.org/@algolia/client-personalization/-/client-personalization-4.20.0.tgz#ca81308e8ad0db3b27458b78355f124f29657181"
    integrity sha512-N9+zx0tWOQsLc3K4PVRDV8GUeOLAY0i445En79Pr3zWB+m67V+n/8w4Kw1C5LlbHDDJcyhMMIlqezh6BEk7xAQ==
    dependencies:
      "@algolia/client-common" "4.20.0"
      "@algolia/requester-common" "4.20.0"
      "@algolia/transporter" "4.20.0"
  
  "@algolia/client-search@4.20.0":
    version "4.20.0"
    resolved "https://registry.npmjs.org/@algolia/client-search/-/client-search-4.20.0.tgz#3bcce817ca6caedc835e0eaf6f580e02ee7c3e15"
    integrity sha512-zgwqnMvhWLdpzKTpd3sGmMlr4c+iS7eyyLGiaO51zDZWGMkpgoNVmltkzdBwxOVXz0RsFMznIxB9zuarUv4TZg==
    dependencies:
      "@algolia/client-common" "4.20.0"
      "@algolia/requester-common" "4.20.0"
      "@algolia/transporter" "4.20.0"
  
  "@algolia/logger-common@4.20.0":
    version "4.20.0"
    resolved "https://registry.npmjs.org/@algolia/logger-common/-/logger-common-4.20.0.tgz#f148ddf67e5d733a06213bebf7117cb8a651ab36"
    integrity sha512-xouigCMB5WJYEwvoWW5XDv7Z9f0A8VoXJc3VKwlHJw/je+3p2RcDXfksLI4G4lIVncFUYMZx30tP/rsdlvvzHQ==
  
  "@algolia/logger-console@4.20.0":
    version "4.20.0"
    resolved "https://registry.npmjs.org/@algolia/logger-console/-/logger-console-4.20.0.tgz#ac443d27c4e94357f3063e675039cef0aa2de0a7"
    integrity sha512-THlIGG1g/FS63z0StQqDhT6bprUczBI8wnLT3JWvfAQDZX5P6fCg7dG+pIrUBpDIHGszgkqYEqECaKKsdNKOUA==
    dependencies:
      "@algolia/logger-common" "4.20.0"
  
  "@algolia/requester-browser-xhr@4.20.0":
    version "4.20.0"
    resolved "https://registry.npmjs.org/@algolia/requester-browser-xhr/-/requester-browser-xhr-4.20.0.tgz#db16d0bdef018b93b51681d3f1e134aca4f64814"
    integrity sha512-HbzoSjcjuUmYOkcHECkVTwAelmvTlgs48N6Owt4FnTOQdwn0b8pdht9eMgishvk8+F8bal354nhx/xOoTfwiAw==
    dependencies:
      "@algolia/requester-common" "4.20.0"
  
  "@algolia/requester-common@4.20.0":
    version "4.20.0"
    resolved "https://registry.npmjs.org/@algolia/requester-common/-/requester-common-4.20.0.tgz#65694b2263a8712b4360fef18680528ffd435b5c"
    integrity sha512-9h6ye6RY/BkfmeJp7Z8gyyeMrmmWsMOCRBXQDs4mZKKsyVlfIVICpcSibbeYcuUdurLhIlrOUkH3rQEgZzonng==
  
  "@algolia/requester-node-http@4.20.0":
    version "4.20.0"
    resolved "https://registry.npmjs.org/@algolia/requester-node-http/-/requester-node-http-4.20.0.tgz#b52b182b52b0b16dec4070832267d484a6b1d5bb"
    integrity sha512-ocJ66L60ABSSTRFnCHIEZpNHv6qTxsBwJEPfYaSBsLQodm0F9ptvalFkHMpvj5DfE22oZrcrLbOYM2bdPJRHng==
    dependencies:
      "@algolia/requester-common" "4.20.0"
  
  "@algolia/transporter@4.20.0":
    version "4.20.0"
    resolved "https://registry.npmjs.org/@algolia/transporter/-/transporter-4.20.0.tgz#7e5b24333d7cc9a926b2f6a249f87c2889b944a9"
    integrity sha512-Lsii1pGWOAISbzeyuf+r/GPhvHMPHSPrTDWNcIzOE1SG1inlJHICaVe2ikuoRjcpgxZNU54Jl+if15SUCsaTUg==
    dependencies:
      "@algolia/cache-common" "4.20.0"
      "@algolia/logger-common" "4.20.0"
      "@algolia/requester-common" "4.20.0"
  
  "@babel/parser@^7.20.15", "@babel/parser@^7.21.3":
    version "7.23.0"
    resolved "https://registry.npmjs.org/@babel/parser/-/parser-7.23.0.tgz#da950e622420bf96ca0d0f2909cdddac3acd8719"
    integrity sha512-vvPKKdMemU85V9WE/l5wZEmImpCtLqbnTvqDS2U1fJ96KrxoW7KrXhNsNCblQlg8Ck4b85yxdTyelsMUgFUXiw==
  
  "@babel/runtime@^7.23.2":
    version "7.23.4"
    resolved "https://registry.npmjs.org/@babel/runtime/-/runtime-7.23.4.tgz#36fa1d2b36db873d25ec631dcc4923fdc1cf2e2e"
    integrity sha512-2Yv65nlWnWlSpe3fXEyX5i7fx5kIKo4Qbcj+hMO0odwaneFjfXw5fdum+4yL20O0QiaHpia0cYQ9xpNMqrBwHg==
    dependencies:
      regenerator-runtime "^0.14.0"
  
  "@docsearch/css@3.5.2", "@docsearch/css@^3.5.2":
    version "3.5.2"
    resolved "https://registry.npmjs.org/@docsearch/css/-/css-3.5.2.tgz#610f47b48814ca94041df969d9fcc47b91fc5aac"
    integrity sha512-SPiDHaWKQZpwR2siD0KQUwlStvIAnEyK6tAE2h2Wuoq8ue9skzhlyVQ1ddzOxX6khULnAALDiR/isSF3bnuciA==
  
  "@docsearch/js@^3.5.2":
    version "3.5.2"
    resolved "https://registry.npmjs.org/@docsearch/js/-/js-3.5.2.tgz#a11cb2e7e62890e9e940283fed6972ecf632629d"
    integrity sha512-p1YFTCDflk8ieHgFJYfmyHBki1D61+U9idwrLh+GQQMrBSP3DLGKpy0XUJtPjAOPltcVbqsTjiPFfH7JImjUNg==
    dependencies:
      "@docsearch/react" "3.5.2"
      preact "^10.0.0"
  
  "@docsearch/react@3.5.2":
    version "3.5.2"
    resolved "https://registry.npmjs.org/@docsearch/react/-/react-3.5.2.tgz#2e6bbee00eb67333b64906352734da6aef1232b9"
    integrity sha512-9Ahcrs5z2jq/DcAvYtvlqEBHImbm4YJI8M9y0x6Tqg598P40HTEkX7hsMcIuThI+hTFxRGZ9hll0Wygm2yEjng==
    dependencies:
      "@algolia/autocomplete-core" "1.9.3"
      "@algolia/autocomplete-preset-algolia" "1.9.3"
      "@docsearch/css" "3.5.2"
      algoliasearch "^4.19.1"
  
  "@esbuild/android-arm64@0.18.20":
    version "0.18.20"
    resolved "https://registry.npmjs.org/@esbuild/android-arm64/-/android-arm64-0.18.20.tgz#984b4f9c8d0377443cc2dfcef266d02244593622"
    integrity sha512-Nz4rJcchGDtENV0eMKUNa6L12zz2zBDXuhj/Vjh18zGqB44Bi7MBMSXjgunJgjRhCmKOjnPuZp4Mb6OKqtMHLQ==
  
  "@esbuild/android-arm@0.18.20":
    version "0.18.20"
    resolved "https://registry.npmjs.org/@esbuild/android-arm/-/android-arm-0.18.20.tgz#fedb265bc3a589c84cc11f810804f234947c3682"
    integrity sha512-fyi7TDI/ijKKNZTUJAQqiG5T7YjJXgnzkURqmGj13C6dCqckZBLdl4h7bkhHt/t0WP+zO9/zwroDvANaOqO5Sw==
  
  "@esbuild/android-x64@0.18.20":
    version "0.18.20"
    resolved "https://registry.npmjs.org/@esbuild/android-x64/-/android-x64-0.18.20.tgz#35cf419c4cfc8babe8893d296cd990e9e9f756f2"
    integrity sha512-8GDdlePJA8D6zlZYJV/jnrRAi6rOiNaCC/JclcXpB+KIuvfBN4owLtgzY2bsxnx666XjJx2kDPUmnTtR8qKQUg==
  
  "@esbuild/darwin-arm64@0.18.20":
    version "0.18.20"
    resolved "https://registry.npmjs.org/@esbuild/darwin-arm64/-/darwin-arm64-0.18.20.tgz#08172cbeccf95fbc383399a7f39cfbddaeb0d7c1"
    integrity sha512-bxRHW5kHU38zS2lPTPOyuyTm+S+eobPUnTNkdJEfAddYgEcll4xkT8DB9d2008DtTbl7uJag2HuE5NZAZgnNEA==
  
  "@esbuild/darwin-x64@0.18.20":
    version "0.18.20"
    resolved "https://registry.npmjs.org/@esbuild/darwin-x64/-/darwin-x64-0.18.20.tgz#d70d5790d8bf475556b67d0f8b7c5bdff053d85d"
    integrity sha512-pc5gxlMDxzm513qPGbCbDukOdsGtKhfxD1zJKXjCCcU7ju50O7MeAZ8c4krSJcOIJGFR+qx21yMMVYwiQvyTyQ==
  
  "@esbuild/freebsd-arm64@0.18.20":
    version "0.18.20"
    resolved "https://registry.npmjs.org/@esbuild/freebsd-arm64/-/freebsd-arm64-0.18.20.tgz#98755cd12707f93f210e2494d6a4b51b96977f54"
    integrity sha512-yqDQHy4QHevpMAaxhhIwYPMv1NECwOvIpGCZkECn8w2WFHXjEwrBn3CeNIYsibZ/iZEUemj++M26W3cNR5h+Tw==
  
  "@esbuild/freebsd-x64@0.18.20":
    version "0.18.20"
    resolved "https://registry.npmjs.org/@esbuild/freebsd-x64/-/freebsd-x64-0.18.20.tgz#c1eb2bff03915f87c29cece4c1a7fa1f423b066e"
    integrity sha512-tgWRPPuQsd3RmBZwarGVHZQvtzfEBOreNuxEMKFcd5DaDn2PbBxfwLcj4+aenoh7ctXcbXmOQIn8HI6mCSw5MQ==
  
  "@esbuild/linux-arm64@0.18.20":
    version "0.18.20"
    resolved "https://registry.npmjs.org/@esbuild/linux-arm64/-/linux-arm64-0.18.20.tgz#bad4238bd8f4fc25b5a021280c770ab5fc3a02a0"
    integrity sha512-2YbscF+UL7SQAVIpnWvYwM+3LskyDmPhe31pE7/aoTMFKKzIc9lLbyGUpmmb8a8AixOL61sQ/mFh3jEjHYFvdA==
  
  "@esbuild/linux-arm@0.18.20":
    version "0.18.20"
    resolved "https://registry.npmjs.org/@esbuild/linux-arm/-/linux-arm-0.18.20.tgz#3e617c61f33508a27150ee417543c8ab5acc73b0"
    integrity sha512-/5bHkMWnq1EgKr1V+Ybz3s1hWXok7mDFUMQ4cG10AfW3wL02PSZi5kFpYKrptDsgb2WAJIvRcDm+qIvXf/apvg==
  
  "@esbuild/linux-ia32@0.18.20":
    version "0.18.20"
    resolved "https://registry.npmjs.org/@esbuild/linux-ia32/-/linux-ia32-0.18.20.tgz#699391cccba9aee6019b7f9892eb99219f1570a7"
    integrity sha512-P4etWwq6IsReT0E1KHU40bOnzMHoH73aXp96Fs8TIT6z9Hu8G6+0SHSw9i2isWrD2nbx2qo5yUqACgdfVGx7TA==
  
  "@esbuild/linux-loong64@0.18.20":
    version "0.18.20"
    resolved "https://registry.npmjs.org/@esbuild/linux-loong64/-/linux-loong64-0.18.20.tgz#e6fccb7aac178dd2ffb9860465ac89d7f23b977d"
    integrity sha512-nXW8nqBTrOpDLPgPY9uV+/1DjxoQ7DoB2N8eocyq8I9XuqJ7BiAMDMf9n1xZM9TgW0J8zrquIb/A7s3BJv7rjg==
  
  "@esbuild/linux-mips64el@0.18.20":
    version "0.18.20"
    resolved "https://registry.npmjs.org/@esbuild/linux-mips64el/-/linux-mips64el-0.18.20.tgz#eeff3a937de9c2310de30622a957ad1bd9183231"
    integrity sha512-d5NeaXZcHp8PzYy5VnXV3VSd2D328Zb+9dEq5HE6bw6+N86JVPExrA6O68OPwobntbNJ0pzCpUFZTo3w0GyetQ==
  
  "@esbuild/linux-ppc64@0.18.20":
    version "0.18.20"
    resolved "https://registry.npmjs.org/@esbuild/linux-ppc64/-/linux-ppc64-0.18.20.tgz#2f7156bde20b01527993e6881435ad79ba9599fb"
    integrity sha512-WHPyeScRNcmANnLQkq6AfyXRFr5D6N2sKgkFo2FqguP44Nw2eyDlbTdZwd9GYk98DZG9QItIiTlFLHJHjxP3FA==
  
  "@esbuild/linux-riscv64@0.18.20":
    version "0.18.20"
    resolved "https://registry.npmjs.org/@esbuild/linux-riscv64/-/linux-riscv64-0.18.20.tgz#6628389f210123d8b4743045af8caa7d4ddfc7a6"
    integrity sha512-WSxo6h5ecI5XH34KC7w5veNnKkju3zBRLEQNY7mv5mtBmrP/MjNBCAlsM2u5hDBlS3NGcTQpoBvRzqBcRtpq1A==
  
  "@esbuild/linux-s390x@0.18.20":
    version "0.18.20"
    resolved "https://registry.npmjs.org/@esbuild/linux-s390x/-/linux-s390x-0.18.20.tgz#255e81fb289b101026131858ab99fba63dcf0071"
    integrity sha512-+8231GMs3mAEth6Ja1iK0a1sQ3ohfcpzpRLH8uuc5/KVDFneH6jtAJLFGafpzpMRO6DzJ6AvXKze9LfFMrIHVQ==
  
  "@esbuild/linux-x64@0.18.20":
    version "0.18.20"
    resolved "https://registry.npmjs.org/@esbuild/linux-x64/-/linux-x64-0.18.20.tgz#c7690b3417af318a9b6f96df3031a8865176d338"
    integrity sha512-UYqiqemphJcNsFEskc73jQ7B9jgwjWrSayxawS6UVFZGWrAAtkzjxSqnoclCXxWtfwLdzU+vTpcNYhpn43uP1w==
  
  "@esbuild/netbsd-x64@0.18.20":
    version "0.18.20"
    resolved "https://registry.npmjs.org/@esbuild/netbsd-x64/-/netbsd-x64-0.18.20.tgz#30e8cd8a3dded63975e2df2438ca109601ebe0d1"
    integrity sha512-iO1c++VP6xUBUmltHZoMtCUdPlnPGdBom6IrO4gyKPFFVBKioIImVooR5I83nTew5UOYrk3gIJhbZh8X44y06A==
  
  "@esbuild/openbsd-x64@0.18.20":
    version "0.18.20"
    resolved "https://registry.npmjs.org/@esbuild/openbsd-x64/-/openbsd-x64-0.18.20.tgz#7812af31b205055874c8082ea9cf9ab0da6217ae"
    integrity sha512-e5e4YSsuQfX4cxcygw/UCPIEP6wbIL+se3sxPdCiMbFLBWu0eiZOJ7WoD+ptCLrmjZBK1Wk7I6D/I3NglUGOxg==
  
  "@esbuild/sunos-x64@0.18.20":
    version "0.18.20"
    resolved "https://registry.npmjs.org/@esbuild/sunos-x64/-/sunos-x64-0.18.20.tgz#d5c275c3b4e73c9b0ecd38d1ca62c020f887ab9d"
    integrity sha512-kDbFRFp0YpTQVVrqUd5FTYmWo45zGaXe0X8E1G/LKFC0v8x0vWrhOWSLITcCn63lmZIxfOMXtCfti/RxN/0wnQ==
  
  "@esbuild/win32-arm64@0.18.20":
    version "0.18.20"
    resolved "https://registry.npmjs.org/@esbuild/win32-arm64/-/win32-arm64-0.18.20.tgz#73bc7f5a9f8a77805f357fab97f290d0e4820ac9"
    integrity sha512-ddYFR6ItYgoaq4v4JmQQaAI5s7npztfV4Ag6NrhiaW0RrnOXqBkgwZLofVTlq1daVTQNhtI5oieTvkRPfZrePg==
  
  "@esbuild/win32-ia32@0.18.20":
    version "0.18.20"
    resolved "https://registry.npmjs.org/@esbuild/win32-ia32/-/win32-ia32-0.18.20.tgz#ec93cbf0ef1085cc12e71e0d661d20569ff42102"
    integrity sha512-Wv7QBi3ID/rROT08SABTS7eV4hX26sVduqDOTe1MvGMjNd3EjOz4b7zeexIR62GTIEKrfJXKL9LFxTYgkyeu7g==
  
  "@esbuild/win32-x64@0.18.20":
    version "0.18.20"
    resolved "https://registry.npmjs.org/@esbuild/win32-x64/-/win32-x64-0.18.20.tgz#786c5f41f043b07afb1af37683d7c33668858f6d"
    integrity sha512-kTdfRcSiDfQca/y9QIkng02avJ+NCaQvrMejlsB3RRv5sE9rRoeBPISaZpKxHELzRxZyLvNts1P27W3wV+8geQ==
  
  "@jest/schemas@^29.6.3":
    version "29.6.3"
    resolved "https://registry.npmjs.org/@jest/schemas/-/schemas-29.6.3.tgz#430b5ce8a4e0044a7e3819663305a7b3091c8e03"
    integrity sha512-mo5j5X+jIZmJQveBKeS/clAueipV7KgiX1vMgCxam1RNYiqE1w62n0/tJJnHtjW8ZHcQco5gY85jA3mi0L+nSA==
    dependencies:
      "@sinclair/typebox" "^0.27.8"
  
  "@jridgewell/sourcemap-codec@^1.4.15":
    version "1.4.15"
    resolved "https://registry.npmjs.org/@jridgewell/sourcemap-codec/-/sourcemap-codec-1.4.15.tgz#d7c6e6755c78567a951e04ab52ef0fd26de59f32"
    integrity sha512-eF2rxCRulEKXHTRiDrDy6erMYWqNw4LPdQ8UQA4huuxaQsVeRPFl2oM8oDGxMFhJUWZf9McpLtJasDDZb/Bpeg==
  
  "@mapbox/geojson-rewind@^0.5.2":
    version "0.5.2"
    resolved "https://registry.npmjs.org/@mapbox/geojson-rewind/-/geojson-rewind-0.5.2.tgz#591a5d71a9cd1da1a0bf3420b3bea31b0fc7946a"
    integrity sha512-tJaT+RbYGJYStt7wI3cq4Nl4SXxG8W7JDG5DMJu97V25RnbNg3QtQtf+KD+VLjNpWKYsRvXDNmNrBgEETr1ifA==
    dependencies:
      get-stream "^6.0.1"
      minimist "^1.2.6"
  
  "@mapbox/jsonlint-lines-primitives@^2.0.2", "@mapbox/jsonlint-lines-primitives@~2.0.2":
    version "2.0.2"
    resolved "https://registry.npmjs.org/@mapbox/jsonlint-lines-primitives/-/jsonlint-lines-primitives-2.0.2.tgz#ce56e539f83552b58d10d672ea4d6fc9adc7b234"
    integrity sha512-rY0o9A5ECsTQRVhv7tL/OyDpGAoUB4tTvLiW1DSzQGq4bvTPhNw1VpSNjDJc5GFZ2XuyOtSWSVN05qOtcD71qQ==
  
  "@mapbox/point-geometry@0.1.0", "@mapbox/point-geometry@^0.1.0", "@mapbox/point-geometry@~0.1.0":
    version "0.1.0"
    resolved "https://registry.npmjs.org/@mapbox/point-geometry/-/point-geometry-0.1.0.tgz#8a83f9335c7860effa2eeeca254332aa0aeed8f2"
    integrity sha512-6j56HdLTwWGO0fJPlrZtdU/B13q8Uwmo18Ck2GnGgN9PCFyKTZ3UbXeEdRFh18i9XQ92eH2VdtpJHpBD3aripQ==
  
  "@mapbox/tiny-sdf@^2.0.6":
    version "2.0.6"
    resolved "https://registry.npmjs.org/@mapbox/tiny-sdf/-/tiny-sdf-2.0.6.tgz#9a1d33e5018093e88f6a4df2343e886056287282"
    integrity sha512-qMqa27TLw+ZQz5Jk+RcwZGH7BQf5G/TrutJhspsca/3SHwmgKQ1iq+d3Jxz5oysPVYTGP6aXxCo5Lk9Er6YBAA==
  
  "@mapbox/unitbezier@^0.0.1":
    version "0.0.1"
    resolved "https://registry.npmjs.org/@mapbox/unitbezier/-/unitbezier-0.0.1.tgz#d32deb66c7177e9e9dfc3bbd697083e2e657ff01"
    integrity sha512-nMkuDXFv60aBr9soUG5q+GvZYL+2KZHVvsqFCzqnkGEf46U2fvmytHaEVc1/YZbiLn8X+eR3QzX1+dwDO1lxlw==
  
  "@mapbox/vector-tile@^1.3.1":
    version "1.3.1"
    resolved "https://registry.npmjs.org/@mapbox/vector-tile/-/vector-tile-1.3.1.tgz#d3a74c90402d06e89ec66de49ec817ff53409666"
    integrity sha512-MCEddb8u44/xfQ3oD+Srl/tNcQoqTw3goGk2oLsrFxOTc3dUp+kAnby3PvAeeBYSMSjSPD1nd1AJA6W49WnoUw==
    dependencies:
      "@mapbox/point-geometry" "~0.1.0"
  
  "@mapbox/whoots-js@^3.1.0":
    version "3.1.0"
    resolved "https://registry.npmjs.org/@mapbox/whoots-js/-/whoots-js-3.1.0.tgz#497c67a1cef50d1a2459ba60f315e448d2ad87fe"
    integrity sha512-Es6WcD0nO5l+2BOQS4uLfNPYQaNDfbot3X1XUoloz+x0mPDS3eeORZJl06HXjwBG1fOGwCRnzK88LMdxKRrd6Q==
  
  "@maplibre/maplibre-gl-style-spec@^19.3.2":
    version "19.3.2"
    resolved "https://registry.npmjs.org/@maplibre/maplibre-gl-style-spec/-/maplibre-gl-style-spec-19.3.2.tgz#9c36f0bf4ec54ae8c307d782672903ec44f9eab2"
    integrity sha512-C2JAk64XUz9v78+bpyTk1zvgjjnDsB8CCjNumyAYdWK2dvdDtILzh1AGBMdS/llX3KaHjGYxAE5wOwfdwq4Pog==
    dependencies:
      "@mapbox/jsonlint-lines-primitives" "~2.0.2"
      "@mapbox/unitbezier" "^0.0.1"
      json-stringify-pretty-compact "^3.0.0"
      minimist "^1.2.8"
      rw "^1.3.3"
      sort-object "^3.0.3"
  
  "@sinclair/typebox@^0.27.8":
    version "0.27.8"
    resolved "https://registry.npmjs.org/@sinclair/typebox/-/typebox-0.27.8.tgz#6667fac16c436b5434a387a34dedb013198f6e6e"
    integrity sha512-+Fj43pSMwJs4KRrH/938Uf+uAELIgVBmQzg/q1YG10djyfA3TnrU8N8XzqCh/okZdszqBQTZf96idMfE5lnwTA==
  
  "@turf/bbox@^6.5.0":
    version "6.5.0"
    resolved "https://registry.npmjs.org/@turf/bbox/-/bbox-6.5.0.tgz#bec30a744019eae420dac9ea46fb75caa44d8dc5"
    integrity sha512-RBbLaao5hXTYyyg577iuMtDB8ehxMlUqHEJiMs8jT1GHkFhr6sYre3lmLsPeYEi/ZKj5TP5tt7fkzNdJ4GIVyw==
    dependencies:
      "@turf/helpers" "^6.5.0"
      "@turf/meta" "^6.5.0"
  
  "@turf/helpers@^6.5.0":
    version "6.5.0"
    resolved "https://registry.npmjs.org/@turf/helpers/-/helpers-6.5.0.tgz#f79af094bd6b8ce7ed2bd3e089a8493ee6cae82e"
    integrity sha512-VbI1dV5bLFzohYYdgqwikdMVpe7pJ9X3E+dlr425wa2/sMJqYDhTO++ec38/pcPvPE6oD9WEEeU3Xu3gza+VPw==
  
  "@turf/meta@^6.5.0":
    version "6.5.0"
    resolved "https://registry.npmjs.org/@turf/meta/-/meta-6.5.0.tgz#b725c3653c9f432133eaa04d3421f7e51e0418ca"
    integrity sha512-RrArvtsV0vdsCBegoBtOalgdSOfkBrTJ07VkpiCnq/491W67hnMWmDu7e6Ztw0C3WldRYTXkg3SumfdzZxLBHA==
    dependencies:
      "@turf/helpers" "^6.5.0"
  
  "@types/chai-subset@^1.3.3":
    version "1.3.5"
    resolved "https://registry.npmjs.org/@types/chai-subset/-/chai-subset-1.3.5.tgz#3fc044451f26985f45625230a7f22284808b0a9a"
    integrity sha512-c2mPnw+xHtXDoHmdtcCXGwyLMiauiAyxWMzhGpqHC4nqI/Y5G2XhTampslK2rb59kpcuHon03UH8W6iYUzw88A==
    dependencies:
      "@types/chai" "*"
  
  "@types/chai@*", "@types/chai@^4.3.5":
    version "4.3.11"
    resolved "https://registry.npmjs.org/@types/chai/-/chai-4.3.11.tgz#e95050bf79a932cb7305dd130254ccdf9bde671c"
    integrity sha512-qQR1dr2rGIHYlJulmr8Ioq3De0Le9E4MJ5AiaeAETJJpndT1uUNHsGFK3L/UIu+rbkQSdj8J/w2bCsBZc/Y5fQ==
  
  "@types/geojson@*", "@types/geojson@^7946.0.11":
    version "7946.0.11"
    resolved "https://registry.npmjs.org/@types/geojson/-/geojson-7946.0.11.tgz#012c17cb2256ad8de78560da851ab914a7b9b40e"
    integrity sha512-L7A0AINMXQpVwxHJ4jxD6/XjZ4NDufaRlUJHjNIFKYUFBH1SvOW+neaqb0VTRSLW5suSrSu19ObFEFnfNcr+qg==
  
  "@types/linkify-it@*":
    version "3.0.3"
    resolved "https://registry.npmjs.org/@types/linkify-it/-/linkify-it-3.0.3.tgz#15a0712296c5041733c79efe233ba17ae5a7587b"
    integrity sha512-pTjcqY9E4nOI55Wgpz7eiI8+LzdYnw3qxXCfHyBDdPbYvbyLgWLJGh8EdPvqawwMK1Uo1794AUkkR38Fr0g+2g==
  
  "@types/mapbox__point-geometry@*", "@types/mapbox__point-geometry@^0.1.2":
    version "0.1.2"
    resolved "https://registry.npmjs.org/@types/mapbox__point-geometry/-/mapbox__point-geometry-0.1.2.tgz#488a9b76e8457d6792ea2504cdd4ecdd9860a27e"
    integrity sha512-D0lgCq+3VWV85ey1MZVkE8ZveyuvW5VAfuahVTQRpXFQTxw03SuIf1/K4UQ87MMIXVKzpFjXFiFMZzLj2kU+iA==
  
  "@types/mapbox__vector-tile@^1.3.1":
    version "1.3.1"
    resolved "https://registry.npmjs.org/@types/mapbox__vector-tile/-/mapbox__vector-tile-1.3.1.tgz#938f013caccfc924344fd94f2834744d411d0f07"
    integrity sha512-RpwGE57xM4a/YCH6XWzfcPVRPAu/jiCll0bEGRn6a4iubN2k4xZizskQoRj8fuXyo9BpI7F3bwz3uxs0pWbGNw==
    dependencies:
      "@types/geojson" "*"
      "@types/mapbox__point-geometry" "*"
      "@types/pbf" "*"
  
  "@types/markdown-it@^13.0.1":
    version "13.0.2"
    resolved "https://registry.npmjs.org/@types/markdown-it/-/markdown-it-13.0.2.tgz#1557e77789fc86e93fd4b8f0f8f8535ec97a8518"
    integrity sha512-Tla7hH9oeXHOlJyBFdoqV61xWE9FZf/y2g+gFVwQ2vE1/eBzjUno5JCd3Hdb5oATve5OF6xNjZ/4VIZhVVx+hA==
    dependencies:
      "@types/linkify-it" "*"
      "@types/mdurl" "*"
  
  "@types/mdurl@*":
    version "1.0.3"
    resolved "https://registry.npmjs.org/@types/mdurl/-/mdurl-1.0.3.tgz#d0aefccdd1a96f4bec76047d6b314601f0b0f3de"
    integrity sha512-T5k6kTXak79gwmIOaDF2UUQXFbnBE0zBUzF20pz7wDYu0RQMzWg+Ml/Pz50214NsFHBITkoi5VtdjFZnJ2ijjA==
  
  "@types/node@*":
    version "20.9.4"
    resolved "https://registry.npmjs.org/@types/node/-/node-20.9.4.tgz#cc8f970e869c26834bdb7ed480b30ede622d74c7"
    integrity sha512-wmyg8HUhcn6ACjsn8oKYjkN/zUzQeNtMy44weTJSM6p4MMzEOuKbA3OjJ267uPCOW7Xex9dyrNTful8XTQYoDA==
    dependencies:
      undici-types "~5.26.4"
  
  "@types/pbf@*", "@types/pbf@^3.0.3":
    version "3.0.3"
    resolved "https://registry.npmjs.org/@types/pbf/-/pbf-3.0.3.tgz#7983338f5a3f83f8b3449f2217a167749c3f5089"
    integrity sha512-hw6bDMjvm+QTvEC+pRLpnTknQXoPu8Fnf+A+zX9HB7j/7RfYajFSbdukabo3adPwvvEHhIMafQl0R0Tpej7clQ==
  
  "@types/supercluster@^7.1.1":
    version "7.1.1"
    resolved "https://registry.npmjs.org/@types/supercluster/-/supercluster-7.1.1.tgz#b7bd11dc793c1e658d0549ead4a93e594a8fb478"
    integrity sha512-dNK02GO1UApgo+1KpY4jOfm3uWb2eBCMB/VMM2y8cMoF49FiqVVcOawEg19wxYcaX7SvEs370incOuFtFGrVLg==
    dependencies:
      "@types/geojson" "*"
  
  "@types/web-bluetooth@^0.0.18":
    version "0.0.18"
    resolved "https://registry.npmjs.org/@types/web-bluetooth/-/web-bluetooth-0.0.18.tgz#74bd1c8fd3a2058cb6fc76b188fcded50a83d866"
    integrity sha512-v/ZHEj9xh82usl8LMR3GarzFY1IrbXJw5L4QfQhokjRV91q+SelFqxQWSep1ucXEZ22+dSTwLFkXeur25sPIbw==
  
  "@vitest/expect@0.33.0":
    version "0.33.0"
    resolved "https://registry.npmjs.org/@vitest/expect/-/expect-0.33.0.tgz#f48652591f3573ad6c2db828ad358d5c078845d3"
    integrity sha512-sVNf+Gla3mhTCxNJx+wJLDPp/WcstOe0Ksqz4Vec51MmgMth/ia0MGFEkIZmVGeTL5HtjYR4Wl/ZxBxBXZJTzQ==
    dependencies:
      "@vitest/spy" "0.33.0"
      "@vitest/utils" "0.33.0"
      chai "^4.3.7"
  
  "@vitest/runner@0.33.0":
    version "0.33.0"
    resolved "https://registry.npmjs.org/@vitest/runner/-/runner-0.33.0.tgz#0b1a4d04ff8bc5cdad73920eac019d99550edf9d"
    integrity sha512-UPfACnmCB6HKRHTlcgCoBh6ppl6fDn+J/xR8dTufWiKt/74Y9bHci5CKB8tESSV82zKYtkBJo9whU3mNvfaisg==
    dependencies:
      "@vitest/utils" "0.33.0"
      p-limit "^4.0.0"
      pathe "^1.1.1"
  
  "@vitest/snapshot@0.33.0":
    version "0.33.0"
    resolved "https://registry.npmjs.org/@vitest/snapshot/-/snapshot-0.33.0.tgz#4400a90c48907808122b573053a2112a832b3698"
    integrity sha512-tJjrl//qAHbyHajpFvr8Wsk8DIOODEebTu7pgBrP07iOepR5jYkLFiqLq2Ltxv+r0uptUb4izv1J8XBOwKkVYA==
    dependencies:
      magic-string "^0.30.1"
      pathe "^1.1.1"
      pretty-format "^29.5.0"
  
  "@vitest/spy@0.33.0":
    version "0.33.0"
    resolved "https://registry.npmjs.org/@vitest/spy/-/spy-0.33.0.tgz#366074d3cf9cf1ed8aeaa76e50e78c799fb242eb"
    integrity sha512-Kv+yZ4hnH1WdiAkPUQTpRxW8kGtH8VRTnus7ZTGovFYM1ZezJpvGtb9nPIjPnptHbsyIAxYZsEpVPYgtpjGnrg==
    dependencies:
      tinyspy "^2.1.1"
  
  "@vitest/utils@0.33.0":
    version "0.33.0"
    resolved "https://registry.npmjs.org/@vitest/utils/-/utils-0.33.0.tgz#6b9820cb8f128d649da6f78ecaa9b73d6222b277"
    integrity sha512-pF1w22ic965sv+EN6uoePkAOTkAPWM03Ri/jXNyMIKBb/XHLDPfhLvf/Fa9g0YECevAIz56oVYXhodLvLQ/awA==
    dependencies:
      diff-sequences "^29.4.3"
      loupe "^2.3.6"
      pretty-format "^29.5.0"
  
  "@vue/compiler-core@3.3.4":
    version "3.3.4"
    resolved "https://registry.npmjs.org/@vue/compiler-core/-/compiler-core-3.3.4.tgz#7fbf591c1c19e1acd28ffd284526e98b4f581128"
    integrity sha512-cquyDNvZ6jTbf/+x+AgM2Arrp6G4Dzbb0R64jiG804HRMfRiFXWI6kqUVqZ6ZR0bQhIoQjB4+2bhNtVwndW15g==
    dependencies:
      "@babel/parser" "^7.21.3"
      "@vue/shared" "3.3.4"
      estree-walker "^2.0.2"
      source-map-js "^1.0.2"
  
  "@vue/compiler-dom@3.3.4":
    version "3.3.4"
    resolved "https://registry.npmjs.org/@vue/compiler-dom/-/compiler-dom-3.3.4.tgz#f56e09b5f4d7dc350f981784de9713d823341151"
    integrity sha512-wyM+OjOVpuUukIq6p5+nwHYtj9cFroz9cwkfmP9O1nzH68BenTTv0u7/ndggT8cIQlnBeOo6sUT/gvHcIkLA5w==
    dependencies:
      "@vue/compiler-core" "3.3.4"
      "@vue/shared" "3.3.4"
  
  "@vue/compiler-sfc@3.3.4":
    version "3.3.4"
    resolved "https://registry.npmjs.org/@vue/compiler-sfc/-/compiler-sfc-3.3.4.tgz#b19d942c71938893535b46226d602720593001df"
    integrity sha512-6y/d8uw+5TkCuzBkgLS0v3lSM3hJDntFEiUORM11pQ/hKvkhSKZrXW6i69UyXlJQisJxuUEJKAWEqWbWsLeNKQ==
    dependencies:
      "@babel/parser" "^7.20.15"
      "@vue/compiler-core" "3.3.4"
      "@vue/compiler-dom" "3.3.4"
      "@vue/compiler-ssr" "3.3.4"
      "@vue/reactivity-transform" "3.3.4"
      "@vue/shared" "3.3.4"
      estree-walker "^2.0.2"
      magic-string "^0.30.0"
      postcss "^8.1.10"
      source-map-js "^1.0.2"
  
  "@vue/compiler-ssr@3.3.4":
    version "3.3.4"
    resolved "https://registry.npmjs.org/@vue/compiler-ssr/-/compiler-ssr-3.3.4.tgz#9d1379abffa4f2b0cd844174ceec4a9721138777"
    integrity sha512-m0v6oKpup2nMSehwA6Uuu+j+wEwcy7QmwMkVNVfrV9P2qE5KshC6RwOCq8fjGS/Eak/uNb8AaWekfiXxbBB6gQ==
    dependencies:
      "@vue/compiler-dom" "3.3.4"
      "@vue/shared" "3.3.4"
  
  "@vue/devtools-api@^6.5.0":
    version "6.5.1"
    resolved "https://registry.npmjs.org/@vue/devtools-api/-/devtools-api-6.5.1.tgz#7f71f31e40973eeee65b9a64382b13593fdbd697"
    integrity sha512-+KpckaAQyfbvshdDW5xQylLni1asvNSGme1JFs8I1+/H5pHEhqUKMEQD/qn3Nx5+/nycBq11qAEi8lk+LXI2dA==
  
  "@vue/reactivity-transform@3.3.4":
    version "3.3.4"
    resolved "https://registry.npmjs.org/@vue/reactivity-transform/-/reactivity-transform-3.3.4.tgz#52908476e34d6a65c6c21cd2722d41ed8ae51929"
    integrity sha512-MXgwjako4nu5WFLAjpBnCj/ieqcjE2aJBINUNQzkZQfzIZA4xn+0fV1tIYBJvvva3N3OvKGofRLvQIwEQPpaXw==
    dependencies:
      "@babel/parser" "^7.20.15"
      "@vue/compiler-core" "3.3.4"
      "@vue/shared" "3.3.4"
      estree-walker "^2.0.2"
      magic-string "^0.30.0"
  
  "@vue/reactivity@3.3.4":
    version "3.3.4"
    resolved "https://registry.npmjs.org/@vue/reactivity/-/reactivity-3.3.4.tgz#a27a29c6cd17faba5a0e99fbb86ee951653e2253"
    integrity sha512-kLTDLwd0B1jG08NBF3R5rqULtv/f8x3rOFByTDz4J53ttIQEDmALqKqXY0J+XQeN0aV2FBxY8nJDf88yvOPAqQ==
    dependencies:
      "@vue/shared" "3.3.4"
  
  "@vue/runtime-core@3.3.4":
    version "3.3.4"
    resolved "https://registry.npmjs.org/@vue/runtime-core/-/runtime-core-3.3.4.tgz#4bb33872bbb583721b340f3088888394195967d1"
    integrity sha512-R+bqxMN6pWO7zGI4OMlmvePOdP2c93GsHFM/siJI7O2nxFRzj55pLwkpCedEY+bTMgp5miZ8CxfIZo3S+gFqvA==
    dependencies:
      "@vue/reactivity" "3.3.4"
      "@vue/shared" "3.3.4"
  
  "@vue/runtime-dom@3.3.4":
    version "3.3.4"
    resolved "https://registry.npmjs.org/@vue/runtime-dom/-/runtime-dom-3.3.4.tgz#992f2579d0ed6ce961f47bbe9bfe4b6791251566"
    integrity sha512-Aj5bTJ3u5sFsUckRghsNjVTtxZQ1OyMWCr5dZRAPijF/0Vy4xEoRCwLyHXcj4D0UFbJ4lbx3gPTgg06K/GnPnQ==
    dependencies:
      "@vue/runtime-core" "3.3.4"
      "@vue/shared" "3.3.4"
      csstype "^3.1.1"
  
  "@vue/server-renderer@3.3.4":
    version "3.3.4"
    resolved "https://registry.npmjs.org/@vue/server-renderer/-/server-renderer-3.3.4.tgz#ea46594b795d1536f29bc592dd0f6655f7ea4c4c"
    integrity sha512-Q6jDDzR23ViIb67v+vM1Dqntu+HUexQcsWKhhQa4ARVzxOY2HbC7QRW/ggkDBd5BU+uM1sV6XOAP0b216o34JQ==
    dependencies:
      "@vue/compiler-ssr" "3.3.4"
      "@vue/shared" "3.3.4"
  
  "@vue/shared@3.3.4":
    version "3.3.4"
    resolved "https://registry.npmjs.org/@vue/shared/-/shared-3.3.4.tgz#06e83c5027f464eef861c329be81454bc8b70780"
    integrity sha512-7OjdcV8vQ74eiz1TZLzZP4JwqM5fA94K6yntPS5Z25r9HDuGNzaGdgvwKYq6S+MxwF0TFRwe50fIR/MYnakdkQ==
  
  "@vueuse/core@10.5.0", "@vueuse/core@^10.4.1":
    version "10.5.0"
    resolved "https://registry.npmjs.org/@vueuse/core/-/core-10.5.0.tgz#04d1e6d26592bb997bb755a4830ea7583c3e8612"
    integrity sha512-z/tI2eSvxwLRjOhDm0h/SXAjNm8N5ld6/SC/JQs6o6kpJ6Ya50LnEL8g5hoYu005i28L0zqB5L5yAl8Jl26K3A==
    dependencies:
      "@types/web-bluetooth" "^0.0.18"
      "@vueuse/metadata" "10.5.0"
      "@vueuse/shared" "10.5.0"
      vue-demi ">=0.14.6"
  
  "@vueuse/integrations@^10.4.1":
    version "10.5.0"
    resolved "https://registry.npmjs.org/@vueuse/integrations/-/integrations-10.5.0.tgz#38f00bd5a1cd0160645f0c75efd5d9579061e3d6"
    integrity sha512-fm5sXLCK0Ww3rRnzqnCQRmfjDURaI4xMsx+T+cec0ngQqHx/JgUtm8G0vRjwtonIeTBsH1Q8L3SucE+7K7upJQ==
    dependencies:
      "@vueuse/core" "10.5.0"
      "@vueuse/shared" "10.5.0"
      vue-demi ">=0.14.6"
  
  "@vueuse/metadata@10.5.0":
    version "10.5.0"
    resolved "https://registry.npmjs.org/@vueuse/metadata/-/metadata-10.5.0.tgz#7501a88cf5cbf7a515a03f0b8bbe3cecf30cad11"
    integrity sha512-fEbElR+MaIYyCkeM0SzWkdoMtOpIwO72x8WsZHRE7IggiOlILttqttM69AS13nrDxosnDBYdyy3C5mR1LCxHsw==
  
  "@vueuse/shared@10.5.0":
    version "10.5.0"
    resolved "https://registry.npmjs.org/@vueuse/shared/-/shared-10.5.0.tgz#b3ac8c190a5dae41db5e1b60fe304a9b4247393c"
    integrity sha512-18iyxbbHYLst9MqU1X1QNdMHIjks6wC7XTVf0KNOv5es/Ms6gjVFCAAWTVP2JStuGqydg3DT+ExpFORUEi9yhg==
    dependencies:
      vue-demi ">=0.14.6"
  
  acorn-walk@^8.2.0:
    version "8.3.0"
    resolved "https://registry.npmjs.org/acorn-walk/-/acorn-walk-8.3.0.tgz#2097665af50fd0cf7a2dfccd2b9368964e66540f"
    integrity sha512-FS7hV565M5l1R08MXqo8odwMTB02C2UqzB17RVgu9EyuYFBqJZ3/ZY97sQD5FewVu1UyDFc1yztUDrAwT0EypA==
  
  acorn@^8.10.0, acorn@^8.9.0:
    version "8.11.2"
    resolved "https://registry.npmjs.org/acorn/-/acorn-8.11.2.tgz#ca0d78b51895be5390a5903c5b3bdcdaf78ae40b"
    integrity sha512-nc0Axzp/0FILLEVsm4fNwLCwMttvhEI263QtVPQcbpfZZ3ts0hLsZGOpE6czNlid7CJ9MlyH8reXkpsf3YUY4w==
  
  algoliasearch@^4.19.1:
    version "4.20.0"
    resolved "https://registry.npmjs.org/algoliasearch/-/algoliasearch-4.20.0.tgz#700c2cb66e14f8a288460036c7b2a554d0d93cf4"
    integrity sha512-y+UHEjnOItoNy0bYO+WWmLWBlPwDjKHW6mNHrPi0NkuhpQOOEbrkwQH/wgKFDLh7qlKjzoKeiRtlpewDPDG23g==
    dependencies:
      "@algolia/cache-browser-local-storage" "4.20.0"
      "@algolia/cache-common" "4.20.0"
      "@algolia/cache-in-memory" "4.20.0"
      "@algolia/client-account" "4.20.0"
      "@algolia/client-analytics" "4.20.0"
      "@algolia/client-common" "4.20.0"
      "@algolia/client-personalization" "4.20.0"
      "@algolia/client-search" "4.20.0"
      "@algolia/logger-common" "4.20.0"
      "@algolia/logger-console" "4.20.0"
      "@algolia/requester-browser-xhr" "4.20.0"
      "@algolia/requester-common" "4.20.0"
      "@algolia/requester-node-http" "4.20.0"
      "@algolia/transporter" "4.20.0"
  
  ansi-sequence-parser@^1.1.0:
    version "1.1.1"
    resolved "https://registry.npmjs.org/ansi-sequence-parser/-/ansi-sequence-parser-1.1.1.tgz#e0aa1cdcbc8f8bb0b5bca625aac41f5f056973cf"
    integrity sha512-vJXt3yiaUL4UU546s3rPXlsry/RnM730G1+HkpKE012AN0sx1eOrxSu95oKDIonskeLTijMgqWZ3uDEe3NFvyg==
  
  ansi-styles@^5.0.0:
    version "5.2.0"
    resolved "https://registry.npmjs.org/ansi-styles/-/ansi-styles-5.2.0.tgz#07449690ad45777d1924ac2abb2fc8895dba836b"
    integrity sha512-Cxwpt2SfTzTtXcfOlzGEee8O+c+MmUgGrNiBcXnuWxuFJHe6a5Hz7qwhwe5OgaSYI0IJvkLqWX1ASG+cJOkEiA==
  
  arr-union@^3.1.0:
    version "3.1.0"
    resolved "https://registry.npmjs.org/arr-union/-/arr-union-3.1.0.tgz#e39b09aea9def866a8f206e288af63919bae39c4"
    integrity sha512-sKpyeERZ02v1FeCZT8lrfJq5u6goHCtpTAzPwJYe7c8SPFOboNjNg1vz2L4VTn9T4PQxEx13TbXLmYUcS6Ug7Q==
  
  assertion-error@^1.1.0:
    version "1.1.0"
    resolved "https://registry.npmjs.org/assertion-error/-/assertion-error-1.1.0.tgz#e60b6b0e8f301bd97e5375215bda406c85118c0b"
    integrity sha512-jgsaNduz+ndvGyFt3uSuWqvy4lCnIJiovtouQN5JZHOKCS2QuhEdbcQHFhVksz2N2U9hXJo8odG7ETyWlEeuDw==
  
  assign-symbols@^1.0.0:
    version "1.0.0"
    resolved "https://registry.npmjs.org/assign-symbols/-/assign-symbols-1.0.0.tgz#59667f41fadd4f20ccbc2bb96b8d4f7f78ec0367"
    integrity sha512-Q+JC7Whu8HhmTdBph/Tq59IoRtoy6KAm5zzPv00WdujX82lbAL8K7WVjne7vdCsAmbF4AYaDOPyO3k0kl8qIrw==
  
  bytewise-core@^1.2.2:
    version "1.2.3"
    resolved "https://registry.npmjs.org/bytewise-core/-/bytewise-core-1.2.3.tgz#3fb410c7e91558eb1ab22a82834577aa6bd61d42"
    integrity sha512-nZD//kc78OOxeYtRlVk8/zXqTB4gf/nlguL1ggWA8FuchMyOxcyHR4QPQZMUmA7czC+YnaBrPUCubqAWe50DaA==
    dependencies:
      typewise-core "^1.2"
  
  bytewise@^1.1.0:
    version "1.1.0"
    resolved "https://registry.npmjs.org/bytewise/-/bytewise-1.1.0.tgz#1d13cbff717ae7158094aa881b35d081b387253e"
    integrity sha512-rHuuseJ9iQ0na6UDhnrRVDh8YnWVlU6xM3VH6q/+yHDeUH2zIhUzP+2/h3LIrhLDBtTqzWpE3p3tP/boefskKQ==
    dependencies:
      bytewise-core "^1.2.2"
      typewise "^1.0.3"
  
  cac@^6.7.14:
    version "6.7.14"
    resolved "https://registry.npmjs.org/cac/-/cac-6.7.14.tgz#804e1e6f506ee363cb0e3ccbb09cad5dd9870959"
    integrity sha512-b6Ilus+c3RrdDk+JhLKUAQfzzgLEPy6wcXqS7f/xe1EETvsDP6GORG7SFuOs6cID5YkqchW/LXZbX5bc8j7ZcQ==
  
  chai@^4.3.7:
    version "4.3.10"
    resolved "https://registry.npmjs.org/chai/-/chai-4.3.10.tgz#d784cec635e3b7e2ffb66446a63b4e33bd390384"
    integrity sha512-0UXG04VuVbruMUYbJ6JctvH0YnC/4q3/AkT18q4NaITo91CUm0liMS9VqzT9vZhVQ/1eqPanMWjBM+Juhfb/9g==
    dependencies:
      assertion-error "^1.1.0"
      check-error "^1.0.3"
      deep-eql "^4.1.3"
      get-func-name "^2.0.2"
      loupe "^2.3.6"
      pathval "^1.1.1"
      type-detect "^4.0.8"
  
  check-error@^1.0.3:
    version "1.0.3"
    resolved "https://registry.npmjs.org/check-error/-/check-error-1.0.3.tgz#a6502e4312a7ee969f646e83bb3ddd56281bd694"
    integrity sha512-iKEoDYaRmd1mxM90a2OEfWhjsjPpYPuQ+lMYsoxB126+t8fw7ySEO48nmDg5COTjxDI65/Y2OWpeEHk3ZOe8zg==
    dependencies:
      get-func-name "^2.0.2"
  
  complex.js@^2.1.1:
    version "2.1.1"
    resolved "https://registry.npmjs.org/complex.js/-/complex.js-2.1.1.tgz#0675dac8e464ec431fb2ab7d30f41d889fb25c31"
    integrity sha512-8njCHOTtFFLtegk6zQo0kkVX1rngygb/KQI6z1qZxlFI3scluC+LVTCFbrkWjBv4vvLlbQ9t88IPMC6k95VTTg==
  
  csstype@^3.1.1:
    version "3.1.2"
    resolved "https://registry.npmjs.org/csstype/-/csstype-3.1.2.tgz#1d4bf9d572f11c14031f0436e1c10bc1f571f50b"
    integrity sha512-I7K1Uu0MBPzaFKg4nI5Q7Vs2t+3gWWW648spaF+Rg7pI9ds18Ugn+lvg4SHczUdKlHI5LWBXyqfS8+DufyBsgQ==
  
  debug@^4.3.4:
    version "4.3.4"
    resolved "https://registry.npmjs.org/debug/-/debug-4.3.4.tgz#1319f6579357f2338d3337d2cdd4914bb5dcc865"
    integrity sha512-PRWFHuSU3eDtQJPvnNY7Jcket1j0t5OuOsFzPPzsekD52Zl8qUfFIPEiswXqIvHWGVHOgX+7G/vCNNhehwxfkQ==
    dependencies:
      ms "2.1.2"
  
  decimal.js@^10.4.3:
    version "10.4.3"
    resolved "https://registry.npmjs.org/decimal.js/-/decimal.js-10.4.3.tgz#1044092884d245d1b7f65725fa4ad4c6f781cc23"
    integrity sha512-VBBaLc1MgL5XpzgIP7ny5Z6Nx3UrRkIViUkPUdtl9aya5amy3De1gsUUSB1g3+3sExYNjCAsAznmukyxCb1GRA==
  
  deep-eql@^4.1.3:
    version "4.1.3"
    resolved "https://registry.npmjs.org/deep-eql/-/deep-eql-4.1.3.tgz#7c7775513092f7df98d8df9996dd085eb668cc6d"
    integrity sha512-WaEtAOpRA1MQ0eohqZjpGD8zdI0Ovsm8mmFhaDN8dvDZzyoUMcYDnf5Y6iu7HTXxf8JDS23qWa4a+hKCDyOPzw==
    dependencies:
      type-detect "^4.0.0"
  
  diff-sequences@^29.4.3:
    version "29.6.3"
    resolved "https://registry.npmjs.org/diff-sequences/-/diff-sequences-29.6.3.tgz#4deaf894d11407c51efc8418012f9e70b84ea921"
    integrity sha512-EjePK1srD3P08o2j4f0ExnylqRs5B9tJjcp9t1krH2qRi8CCdsYfwe9JgSLurFBWwq4uOlipzfk5fHNvwFKr8Q==
  
  earcut@^2.2.4:
    version "2.2.4"
    resolved "https://registry.npmjs.org/earcut/-/earcut-2.2.4.tgz#6d02fd4d68160c114825d06890a92ecaae60343a"
    integrity sha512-/pjZsA1b4RPHbeWZQn66SWS8nZZWLQQ23oE3Eam7aroEFGEvwKAsJfZ9ytiEMycfzXWpca4FA9QIOehf7PocBQ==
  
  esbuild@^0.18.10:
    version "0.18.20"
    resolved "https://registry.npmjs.org/esbuild/-/esbuild-0.18.20.tgz#4709f5a34801b43b799ab7d6d82f7284a9b7a7a6"
    integrity sha512-ceqxoedUrcayh7Y7ZX6NdbbDzGROiyVBgC4PriJThBKSVPWnnFHZAkfI1lJT8QFkOwH4qOS2SJkS4wvpGl8BpA==
    optionalDependencies:
      "@esbuild/android-arm" "0.18.20"
      "@esbuild/android-arm64" "0.18.20"
      "@esbuild/android-x64" "0.18.20"
      "@esbuild/darwin-arm64" "0.18.20"
      "@esbuild/darwin-x64" "0.18.20"
      "@esbuild/freebsd-arm64" "0.18.20"
      "@esbuild/freebsd-x64" "0.18.20"
      "@esbuild/linux-arm" "0.18.20"
      "@esbuild/linux-arm64" "0.18.20"
      "@esbuild/linux-ia32" "0.18.20"
      "@esbuild/linux-loong64" "0.18.20"
      "@esbuild/linux-mips64el" "0.18.20"
      "@esbuild/linux-ppc64" "0.18.20"
      "@esbuild/linux-riscv64" "0.18.20"
      "@esbuild/linux-s390x" "0.18.20"
      "@esbuild/linux-x64" "0.18.20"
      "@esbuild/netbsd-x64" "0.18.20"
      "@esbuild/openbsd-x64" "0.18.20"
      "@esbuild/sunos-x64" "0.18.20"
      "@esbuild/win32-arm64" "0.18.20"
      "@esbuild/win32-ia32" "0.18.20"
      "@esbuild/win32-x64" "0.18.20"
  
  escape-latex@^1.2.0:
    version "1.2.0"
    resolved "https://registry.npmjs.org/escape-latex/-/escape-latex-1.2.0.tgz#07c03818cf7dac250cce517f4fda1b001ef2bca1"
    integrity sha512-nV5aVWW1K0wEiUIEdZ4erkGGH8mDxGyxSeqPzRNtWP7ataw+/olFObw7hujFWlVjNsaDFw5VZ5NzVSIqRgfTiw==
  
  estree-walker@^2.0.2:
    version "2.0.2"
    resolved "https://registry.npmjs.org/estree-walker/-/estree-walker-2.0.2.tgz#52f010178c2a4c117a7757cfe942adb7d2da4cac"
    integrity sha512-Rfkk/Mp/DL7JVje3u18FxFujQlTNR2q6QfMSMB7AvCBx91NGj/ba3kCfza0f6dVDbw7YlRf/nDrn7pQrCCyQ/w==
  
  extend-shallow@^2.0.1:
    version "2.0.1"
    resolved "https://registry.npmjs.org/extend-shallow/-/extend-shallow-2.0.1.tgz#51af7d614ad9a9f610ea1bafbb989d6b1c56890f"
    integrity sha512-zCnTtlxNoAiDc3gqY2aYAWFx7XWWiasuF2K8Me5WbN8otHKTUKBwjPtNpRs/rbUZm7KxWAaNj7P1a/p52GbVug==
    dependencies:
      is-extendable "^0.1.0"
  
  extend-shallow@^3.0.0:
    version "3.0.2"
    resolved "https://registry.npmjs.org/extend-shallow/-/extend-shallow-3.0.2.tgz#26a71aaf073b39fb2127172746131c2704028db8"
    integrity sha512-BwY5b5Ql4+qZoefgMj2NUmx+tehVTH/Kf4k1ZEtOHNFcm2wSxMRo992l6X3TIgni2eZVTZ85xMOjF31fwZAj6Q==
    dependencies:
      assign-symbols "^1.0.0"
      is-extendable "^1.0.1"
  
  focus-trap@^7.5.2:
    version "7.5.3"
    resolved "https://registry.npmjs.org/focus-trap/-/focus-trap-7.5.3.tgz#fbb39af6ef2e19aa10707e28583fdccf91a4243d"
    integrity sha512-7UsT/eSJcTPF0aZp73u7hBRTABz26knRRTJfoTGFCQD5mUImLIIOwWWCrtoQdmWa7dykBi6H+Cp5i3S/kvsMeA==
    dependencies:
      tabbable "^6.2.0"
  
  fraction.js@4.3.4:
    version "4.3.4"
    resolved "https://registry.npmjs.org/fraction.js/-/fraction.js-4.3.4.tgz#b2bac8249a610c3396106da97c5a71da75b94b1c"
    integrity sha512-pwiTgt0Q7t+GHZA4yaLjObx4vXmmdcS0iSJ19o8d/goUGgItX9UZWKWNnLHehxviD8wU2IWRsnR8cD5+yOJP2Q==
  
  fsevents@~2.3.2:
    version "2.3.3"
    resolved "https://registry.npmjs.org/fsevents/-/fsevents-2.3.3.tgz#cac6407785d03675a2a5e1a5305c697b347d90d6"
    integrity sha512-5xoDfX+fL7faATnagmWPpbFtwh/R77WmMMqqHGS65C3vvB0YHrgF+B1YmZ3441tMj5n63k0212XNoJwzlhffQw==
  
  geojson-vt@^3.2.1:
    version "3.2.1"
    resolved "https://registry.npmjs.org/geojson-vt/-/geojson-vt-3.2.1.tgz#f8adb614d2c1d3f6ee7c4265cad4bbf3ad60c8b7"
    integrity sha512-EvGQQi/zPrDA6zr6BnJD/YhwAkBP8nnJ9emh3EnHQKVMfg/MRVtPbMYdgVy/IaEmn4UfagD2a6fafPDL5hbtwg==
  
  get-func-name@^2.0.1, get-func-name@^2.0.2:
    version "2.0.2"
    resolved "https://registry.npmjs.org/get-func-name/-/get-func-name-2.0.2.tgz#0d7cf20cd13fda808669ffa88f4ffc7a3943fc41"
    integrity sha512-8vXOvuE167CtIc3OyItco7N/dpRtBbYOsPsXCz7X/PMnlGjYjSGuZJgM1Y7mmew7BKf9BqvLX2tnOVy1BBUsxQ==
  
  get-stream@^6.0.1:
    version "6.0.1"
    resolved "https://registry.npmjs.org/get-stream/-/get-stream-6.0.1.tgz#a262d8eef67aced57c2852ad6167526a43cbf7b7"
    integrity sha512-ts6Wi+2j3jQjqi70w5AlN8DFnkSwC+MqmxEzdEALB2qXZYV3X/b1CTfgPLGJNMeAWxdPfU8FO1ms3NUfaHCPYg==
  
  get-value@^2.0.2, get-value@^2.0.6:
    version "2.0.6"
    resolved "https://registry.npmjs.org/get-value/-/get-value-2.0.6.tgz#dc15ca1c672387ca76bd37ac0a395ba2042a2c28"
    integrity sha512-Ln0UQDlxH1BapMu3GPtf7CuYNwRZf2gwCuPqbyG6pB8WfmFpzqcy4xtAaAMUhnNqjMKTiCPZG2oMT3YSx8U2NA==
  
  gl-matrix@^3.4.3:
    version "3.4.3"
    resolved "https://registry.npmjs.org/gl-matrix/-/gl-matrix-3.4.3.tgz#fc1191e8320009fd4d20e9339595c6041ddc22c9"
    integrity sha512-wcCp8vu8FT22BnvKVPjXa/ICBWRq/zjFfdofZy1WSpQZpphblv12/bOQLBC1rMM7SGOFS9ltVmKOHil5+Ml7gA==
  
  global-prefix@^3.0.0:
    version "3.0.0"
    resolved "https://registry.npmjs.org/global-prefix/-/global-prefix-3.0.0.tgz#fc85f73064df69f50421f47f883fe5b913ba9b97"
    integrity sha512-awConJSVCHVGND6x3tmMaKcQvwXLhjdkmomy2W+Goaui8YPgYgXJZewhg3fWC+DlfqqQuWg8AwqjGTD2nAPVWg==
    dependencies:
      ini "^1.3.5"
      kind-of "^6.0.2"
      which "^1.3.1"
  
  ieee754@^1.1.12:
    version "1.2.1"
    resolved "https://registry.npmjs.org/ieee754/-/ieee754-1.2.1.tgz#8eb7a10a63fff25d15a57b001586d177d1b0d352"
    integrity sha512-dcyqhDvX1C46lXZcVqCpK+FtMRQVdIMN6/Df5js2zouUsqG7I6sFxitIC+7KYK29KdXOLHdu9zL4sFnoVQnqaA==
  
  ini@^1.3.5:
    version "1.3.8"
    resolved "https://registry.npmjs.org/ini/-/ini-1.3.8.tgz#a29da425b48806f34767a4efce397269af28432c"
    integrity sha512-JV/yugV2uzW5iMRSiZAyDtQd+nxtUnjeLt0acNdw98kKLrvuRVyB80tsREOE7yvGVgalhZ6RNXCmEHkUKBKxew==
  
  is-extendable@^0.1.0, is-extendable@^0.1.1:
    version "0.1.1"
    resolved "https://registry.npmjs.org/is-extendable/-/is-extendable-0.1.1.tgz#62b110e289a471418e3ec36a617d472e301dfc89"
    integrity sha512-5BMULNob1vgFX6EjQw5izWDxrecWK9AM72rugNr0TFldMOi0fj6Jk+zeKIt0xGj4cEfQIJth4w3OKWOJ4f+AFw==
  
  is-extendable@^1.0.1:
    version "1.0.1"
    resolved "https://registry.npmjs.org/is-extendable/-/is-extendable-1.0.1.tgz#a7470f9e426733d81bd81e1155264e3a3507cab4"
    integrity sha512-arnXMxT1hhoKo9k1LZdmlNyJdDDfy2v0fXjFlmok4+i8ul/6WlbVge9bhM74OpNPQPMGUToDtz+KXa1PneJxOA==
    dependencies:
      is-plain-object "^2.0.4"
  
  is-plain-object@^2.0.3, is-plain-object@^2.0.4:
    version "2.0.4"
    resolved "https://registry.npmjs.org/is-plain-object/-/is-plain-object-2.0.4.tgz#2c163b3fafb1b606d9d17928f05c2a1c38e07677"
    integrity sha512-h5PpgXkWitc38BBMYawTYMWJHFZJVnBquFE57xFpjB8pJFiF6gZ+bU+WyI/yqXiFR5mdLsgYNaPe8uao6Uv9Og==
    dependencies:
      isobject "^3.0.1"
  
  isexe@^2.0.0:
    version "2.0.0"
    resolved "https://registry.npmjs.org/isexe/-/isexe-2.0.0.tgz#e8fbf374dc556ff8947a10dcb0572d633f2cfa10"
    integrity sha512-RHxMLp9lnKHGHRng9QFhRCMbYAcVpn69smSGcq3f36xjgVVWThj4qqLbTLlq7Ssj8B+fIQ1EuCEGI2lKsyQeIw==
  
  isobject@^3.0.1:
    version "3.0.1"
    resolved "https://registry.npmjs.org/isobject/-/isobject-3.0.1.tgz#4e431e92b11a9731636aa1f9c8d1ccbcfdab78df"
    integrity sha512-WhB9zCku7EGTj/HQQRz5aUQEUeoQZH2bWcltRErOpymJ4boYE6wL9Tbr23krRPSZ+C5zqNSrSw+Cc7sZZ4b7vg==
  
  javascript-natural-sort@^0.7.1:
    version "0.7.1"
    resolved "https://registry.npmjs.org/javascript-natural-sort/-/javascript-natural-sort-0.7.1.tgz#f9e2303d4507f6d74355a73664d1440fb5a0ef59"
    integrity sha512-nO6jcEfZWQXDhOiBtG2KvKyEptz7RVbpGP4vTD2hLBdmNQSsCiicO2Ioinv6UI4y9ukqnBpy+XZ9H6uLNgJTlw==
  
  json-stringify-pretty-compact@^3.0.0:
    version "3.0.0"
    resolved "https://registry.npmjs.org/json-stringify-pretty-compact/-/json-stringify-pretty-compact-3.0.0.tgz#f71ef9d82ef16483a407869556588e91b681d9ab"
    integrity sha512-Rc2suX5meI0S3bfdZuA7JMFBGkJ875ApfVyq2WHELjBiiG22My/l7/8zPpH/CfFVQHuVLd8NLR0nv6vi0BYYKA==
  
  jsonc-parser@^3.2.0:
    version "3.2.0"
    resolved "https://registry.npmjs.org/jsonc-parser/-/jsonc-parser-3.2.0.tgz#31ff3f4c2b9793f89c67212627c51c6394f88e76"
    integrity sha512-gfFQZrcTc8CnKXp6Y4/CBT3fTc0OVuDofpre4aEeEpSBPV5X5v4+Vmx+8snU7RLPrNHPKSgLxGo9YuQzz20o+w==
  
  kdbush@^4.0.2:
    version "4.0.2"
    resolved "https://registry.npmjs.org/kdbush/-/kdbush-4.0.2.tgz#2f7b7246328b4657dd122b6c7f025fbc2c868e39"
    integrity sha512-WbCVYJ27Sz8zi9Q7Q0xHC+05iwkm3Znipc2XTlrnJbsHMYktW4hPhXUE8Ys1engBrvffoSCqbil1JQAa7clRpA==
  
  kind-of@^6.0.2:
    version "6.0.3"
    resolved "https://registry.npmjs.org/kind-of/-/kind-of-6.0.3.tgz#07c05034a6c349fa06e24fa35aa76db4580ce4dd"
    integrity sha512-dcS1ul+9tmeD95T+x28/ehLgd9mENa3LsvDTtzm3vyBEO7RPptvAD+t44WVXaUjTBRcrpFeFlC8WCruUR456hw==
  
  local-pkg@^0.4.3:
    version "0.4.3"
    resolved "https://registry.npmjs.org/local-pkg/-/local-pkg-0.4.3.tgz#0ff361ab3ae7f1c19113d9bb97b98b905dbc4963"
    integrity sha512-SFppqq5p42fe2qcZQqqEOiVRXl+WCP1MdT6k7BDEW1j++sp5fIY+/fdRQitvKgB5BrBcmrs5m/L0v2FrU5MY1g==
  
  loupe@^2.3.6:
    version "2.3.7"
    resolved "https://registry.npmjs.org/loupe/-/loupe-2.3.7.tgz#6e69b7d4db7d3ab436328013d37d1c8c3540c697"
    integrity sha512-zSMINGVYkdpYSOBmLi0D1Uo7JU9nVdQKrHxC8eYlV+9YKK9WePqAlL7lSlorG/U2Fw1w0hTBmaa/jrQ3UbPHtA==
    dependencies:
      get-func-name "^2.0.1"
  
  magic-string@^0.30.0:
    version "0.30.4"
    resolved "https://registry.npmjs.org/magic-string/-/magic-string-0.30.4.tgz#c2c683265fc18dda49b56fc7318d33ca0332c98c"
    integrity sha512-Q/TKtsC5BPm0kGqgBIF9oXAs/xEf2vRKiIB4wCRQTJOQIByZ1d+NnUOotvJOvNpi5RNIgVOMC3pOuaP1ZTDlVg==
    dependencies:
      "@jridgewell/sourcemap-codec" "^1.4.15"
  
  magic-string@^0.30.1:
    version "0.30.5"
    resolved "https://registry.npmjs.org/magic-string/-/magic-string-0.30.5.tgz#1994d980bd1c8835dc6e78db7cbd4ae4f24746f9"
    integrity sha512-7xlpfBaQaP/T6Vh8MO/EqXSW5En6INHEvEXQiuff7Gku0PWjU3uf6w/j9o7O+SpB5fOAkrI5HeoNgwjEO0pFsA==
    dependencies:
      "@jridgewell/sourcemap-codec" "^1.4.15"
  
  maplibre-gl@^3.4.0:
    version "3.4.0"
    resolved "https://registry.npmjs.org/maplibre-gl/-/maplibre-gl-3.4.0.tgz#e0f48b658a983a0339a4f85eb4c41c95df2d33a2"
    integrity sha512-5Q36HD2mJoPcd85O2wIDq2t6kl9KMBpITO12A9wPKpQ6ieYKKf5Dp4U/XNjmZWtSTIX2hnx+OwlInkAVLdav6Q==
    dependencies:
      "@mapbox/geojson-rewind" "^0.5.2"
      "@mapbox/jsonlint-lines-primitives" "^2.0.2"
      "@mapbox/point-geometry" "^0.1.0"
      "@mapbox/tiny-sdf" "^2.0.6"
      "@mapbox/unitbezier" "^0.0.1"
      "@mapbox/vector-tile" "^1.3.1"
      "@mapbox/whoots-js" "^3.1.0"
      "@maplibre/maplibre-gl-style-spec" "^19.3.2"
      "@types/geojson" "^7946.0.11"
      "@types/mapbox__point-geometry" "^0.1.2"
      "@types/mapbox__vector-tile" "^1.3.1"
      "@types/pbf" "^3.0.3"
      "@types/supercluster" "^7.1.1"
      earcut "^2.2.4"
      geojson-vt "^3.2.1"
      gl-matrix "^3.4.3"
      global-prefix "^3.0.0"
      kdbush "^4.0.2"
      murmurhash-js "^1.0.0"
      pbf "^3.2.1"
      potpack "^2.0.0"
      quickselect "^2.0.0"
      supercluster "^8.0.1"
      tinyqueue "^2.0.3"
      vt-pbf "^3.1.3"
  
  mark.js@8.11.1:
    version "8.11.1"
    resolved "https://registry.npmjs.org/mark.js/-/mark.js-8.11.1.tgz#180f1f9ebef8b0e638e4166ad52db879beb2ffc5"
    integrity sha512-1I+1qpDt4idfgLQG+BNWmrqku+7/2bi5nLf4YwF8y8zXvmfiTBY3PV3ZibfrjBueCByROpuBjLLFCajqkgYoLQ==
  
  mathjs@11.12.0:
    version "11.12.0"
    resolved "https://registry.npmjs.org/mathjs/-/mathjs-11.12.0.tgz#e933e5941930d44763ddfc5bfb08b90059449b2c"
    integrity sha512-UGhVw8rS1AyedyI55DGz9q1qZ0p98kyKPyc9vherBkoueLntPfKtPBh14x+V4cdUWK0NZV2TBwqRFlvadscSuw==
    dependencies:
      "@babel/runtime" "^7.23.2"
      complex.js "^2.1.1"
      decimal.js "^10.4.3"
      escape-latex "^1.2.0"
      fraction.js "4.3.4"
      javascript-natural-sort "^0.7.1"
      seedrandom "^3.0.5"
      tiny-emitter "^2.1.0"
      typed-function "^4.1.1"
  
  minimist@^1.2.6, minimist@^1.2.8:
    version "1.2.8"
    resolved "https://registry.npmjs.org/minimist/-/minimist-1.2.8.tgz#c1a464e7693302e082a075cee0c057741ac4772c"
    integrity sha512-2yyAR8qBkN3YuheJanUpWC5U3bb5osDywNB8RzDVlDwDHbocAJveqqj1u8+SVD7jkWT4yvsHCpWqqWqAxb0zCA==
  
  minisearch@^6.1.0:
    version "6.1.0"
    resolved "https://registry.npmjs.org/minisearch/-/minisearch-6.1.0.tgz#6e74e743dbd0e88fa5ca52fef2391e0aa7055252"
    integrity sha512-PNxA/X8pWk+TiqPbsoIYH0GQ5Di7m6326/lwU/S4mlo4wGQddIcf/V//1f9TB0V4j59b57b+HZxt8h3iMROGvg==
  
  mlly@^1.2.0, mlly@^1.4.0:
    version "1.4.2"
    resolved "https://registry.npmjs.org/mlly/-/mlly-1.4.2.tgz#7cf406aa319ff6563d25da6b36610a93f2a8007e"
    integrity sha512-i/Ykufi2t1EZ6NaPLdfnZk2AX8cs0d+mTzVKuPfqPKPatxLApaBoxJQ9x1/uckXtrS/U5oisPMDkNs0yQTaBRg==
    dependencies:
      acorn "^8.10.0"
      pathe "^1.1.1"
      pkg-types "^1.0.3"
      ufo "^1.3.0"
  
  monaco-editor@^0.48.0:
    version "0.48.0"
    resolved "https://registry.npmjs.org/monaco-editor/-/monaco-editor-0.48.0.tgz#9e54541bbe0ba3f2bb238477d5b981a282205ea0"
    integrity sha512-goSDElNqFfw7iDHMg8WDATkfcyeLTNpBHQpO8incK6p5qZt5G/1j41X0xdGzpIkGojGXM+QiRQyLjnfDVvrpwA==
  
  ms@2.1.2:
    version "2.1.2"
    resolved "https://registry.npmjs.org/ms/-/ms-2.1.2.tgz#d09d1f357b443f493382a8eb3ccd183872ae6009"
    integrity sha512-sGkPx+VjMtmA6MX27oA4FBFELFCZZ4S4XqeGOXCv68tT+jb3vk/RyaKWP0PTKyWtmLSM0b+adUTEvbs1PEaH2w==
  
  murmurhash-js@^1.0.0:
    version "1.0.0"
    resolved "https://registry.npmjs.org/murmurhash-js/-/murmurhash-js-1.0.0.tgz#b06278e21fc6c37fa5313732b0412bcb6ae15f51"
    integrity sha512-TvmkNhkv8yct0SVBSy+o8wYzXjE4Zz3PCesbfs8HiCXXdcTuocApFv11UWlNFWKYsP2okqrhb7JNlSm9InBhIw==
  
  nanoid@^3.3.6:
    version "3.3.6"
    resolved "https://registry.npmjs.org/nanoid/-/nanoid-3.3.6.tgz#443380c856d6e9f9824267d960b4236ad583ea4c"
    integrity sha512-BGcqMMJuToF7i1rt+2PWSNVnWIkGCU78jBG3RxO/bZlnZPK2Cmi2QaffxGO/2RvWi9sL+FAiRiXMgsyxQ1DIDA==
  
  p-limit@^4.0.0:
    version "4.0.0"
    resolved "https://registry.npmjs.org/p-limit/-/p-limit-4.0.0.tgz#914af6544ed32bfa54670b061cafcbd04984b644"
    integrity sha512-5b0R4txpzjPWVw/cXXUResoD4hb6U/x9BH08L7nw+GN1sezDzPdxeRvpc9c433fZhBan/wusjbCsqwqm4EIBIQ==
    dependencies:
      yocto-queue "^1.0.0"
  
  pathe@^1.1.0, pathe@^1.1.1:
    version "1.1.1"
    resolved "https://registry.npmjs.org/pathe/-/pathe-1.1.1.tgz#1dd31d382b974ba69809adc9a7a347e65d84829a"
    integrity sha512-d+RQGp0MAYTIaDBIMmOfMwz3E+LOZnxx1HZd5R18mmCZY0QBlK0LDZfPc8FW8Ed2DlvsuE6PRjroDY+wg4+j/Q==
  
  pathval@^1.1.1:
    version "1.1.1"
    resolved "https://registry.npmjs.org/pathval/-/pathval-1.1.1.tgz#8534e77a77ce7ac5a2512ea21e0fdb8fcf6c3d8d"
    integrity sha512-Dp6zGqpTdETdR63lehJYPeIOqpiNBNtc7BpWSLrOje7UaIsE5aY92r/AunQA7rsXvet3lrJ3JnZX29UPTKXyKQ==
  
  pbf@^3.2.1:
    version "3.2.1"
    resolved "https://registry.npmjs.org/pbf/-/pbf-3.2.1.tgz#b4c1b9e72af966cd82c6531691115cc0409ffe2a"
    integrity sha512-ClrV7pNOn7rtmoQVF4TS1vyU0WhYRnP92fzbfF75jAIwpnzdJXf8iTd4CMEqO4yUenH6NDqLiwjqlh6QgZzgLQ==
    dependencies:
      ieee754 "^1.1.12"
      resolve-protobuf-schema "^2.1.0"
  
  picocolors@^1.0.0:
    version "1.0.0"
    resolved "https://registry.npmjs.org/picocolors/-/picocolors-1.0.0.tgz#cb5bdc74ff3f51892236eaf79d68bc44564ab81c"
    integrity sha512-1fygroTLlHu66zi26VoTDv8yRgm0Fccecssto+MhsZ0D/DGW2sm8E8AjW7NU5VVTRt5GxbeZ5qBuJr+HyLYkjQ==
  
  pkg-types@^1.0.3:
    version "1.0.3"
    resolved "https://registry.npmjs.org/pkg-types/-/pkg-types-1.0.3.tgz#988b42ab19254c01614d13f4f65a2cfc7880f868"
    integrity sha512-nN7pYi0AQqJnoLPC9eHFQ8AcyaixBUOwvqc5TDnIKCMEE6I0y8P7OKA7fPexsXGCGxQDl/cmrLAp26LhcwxZ4A==
    dependencies:
      jsonc-parser "^3.2.0"
      mlly "^1.2.0"
      pathe "^1.1.0"
  
  postcss@^8.1.10, postcss@^8.4.27:
    version "8.4.31"
    resolved "https://registry.npmjs.org/postcss/-/postcss-8.4.31.tgz#92b451050a9f914da6755af352bdc0192508656d"
    integrity sha512-PS08Iboia9mts/2ygV3eLpY5ghnUcfLV/EXTOW1E2qYxJKGGBUtNjN76FYHnMs36RmARn41bC0AZmn+rR0OVpQ==
    dependencies:
      nanoid "^3.3.6"
      picocolors "^1.0.0"
      source-map-js "^1.0.2"
  
  potpack@^2.0.0:
    version "2.0.0"
    resolved "https://registry.npmjs.org/potpack/-/potpack-2.0.0.tgz#61f4dd2dc4b3d5e996e3698c0ec9426d0e169104"
    integrity sha512-Q+/tYsFU9r7xoOJ+y/ZTtdVQwTWfzjbiXBDMM/JKUux3+QPP02iUuIoeBQ+Ot6oEDlC+/PGjB/5A3K7KKb7hcw==
  
  preact@^10.0.0:
    version "10.18.1"
    resolved "https://registry.npmjs.org/preact/-/preact-10.18.1.tgz#3b84bb305f0b05f4ad5784b981d15fcec4e105da"
    integrity sha512-mKUD7RRkQQM6s7Rkmi7IFkoEHjuFqRQUaXamO61E6Nn7vqF/bo7EZCmSyrUnp2UWHw0O7XjZ2eeXis+m7tf4lg==
  
  pretty-format@^29.5.0:
    version "29.7.0"
    resolved "https://registry.npmjs.org/pretty-format/-/pretty-format-29.7.0.tgz#ca42c758310f365bfa71a0bda0a807160b776812"
    integrity sha512-Pdlw/oPxN+aXdmM9R00JVC9WVFoCLTKJvDVLgmJ+qAffBMxsV85l/Lu7sNx4zSzPyoL2euImuEwHhOXdEgNFZQ==
    dependencies:
      "@jest/schemas" "^29.6.3"
      ansi-styles "^5.0.0"
      react-is "^18.0.0"
  
  protocol-buffers-schema@^3.3.1:
    version "3.6.0"
    resolved "https://registry.npmjs.org/protocol-buffers-schema/-/protocol-buffers-schema-3.6.0.tgz#77bc75a48b2ff142c1ad5b5b90c94cd0fa2efd03"
    integrity sha512-TdDRD+/QNdrCGCE7v8340QyuXd4kIWIgapsE2+n/SaGiSSbomYl4TjHlvIoCWRpE7wFt02EpB35VVA2ImcBVqw==
  
  quickselect@^2.0.0:
    version "2.0.0"
    resolved "https://registry.npmjs.org/quickselect/-/quickselect-2.0.0.tgz#f19680a486a5eefb581303e023e98faaf25dd018"
    integrity sha512-RKJ22hX8mHe3Y6wH/N3wCM6BWtjaxIyyUIkpHOvfFnxdI4yD4tBXEBKSbriGujF6jnSVkJrffuo6vxACiSSxIw==
  
  react-is@^18.0.0:
    version "18.2.0"
    resolved "https://registry.npmjs.org/react-is/-/react-is-18.2.0.tgz#199431eeaaa2e09f86427efbb4f1473edb47609b"
    integrity sha512-xWGDIW6x921xtzPkhiULtthJHoJvBbF3q26fzloPCK0hsvxtPVelvftw3zjbHWSkR2km9Z+4uxbDDK/6Zw9B8w==
  
  regenerator-runtime@^0.14.0:
    version "0.14.0"
    resolved "https://registry.npmjs.org/regenerator-runtime/-/regenerator-runtime-0.14.0.tgz#5e19d68eb12d486f797e15a3c6a918f7cec5eb45"
    integrity sha512-srw17NI0TUWHuGa5CFGGmhfNIeja30WMBfbslPNhf6JrqQlLN5gcrvig1oqPxiVaXb0oW0XRKtH6Nngs5lKCIA==
  
  resolve-protobuf-schema@^2.1.0:
    version "2.1.0"
    resolved "https://registry.npmjs.org/resolve-protobuf-schema/-/resolve-protobuf-schema-2.1.0.tgz#9ca9a9e69cf192bbdaf1006ec1973948aa4a3758"
    integrity sha512-kI5ffTiZWmJaS/huM8wZfEMer1eRd7oJQhDuxeCLe3t7N7mX3z94CN0xPxBQxFYQTSNz9T0i+v6inKqSdK8xrQ==
    dependencies:
      protocol-buffers-schema "^3.3.1"
  
  rollup@^3.27.1:
    version "3.29.4"
    resolved "https://registry.npmjs.org/rollup/-/rollup-3.29.4.tgz#4d70c0f9834146df8705bfb69a9a19c9e1109981"
    integrity sha512-oWzmBZwvYrU0iJHtDmhsm662rC15FRXmcjCk1xD771dFDx5jJ02ufAQQTn0etB2emNk4J9EZg/yWKpsn9BWGRw==
    optionalDependencies:
      fsevents "~2.3.2"
  
  rw@^1.3.3:
    version "1.3.3"
    resolved "https://registry.npmjs.org/rw/-/rw-1.3.3.tgz#3f862dfa91ab766b14885ef4d01124bfda074fb4"
    integrity sha512-PdhdWy89SiZogBLaw42zdeqtRJ//zFd2PgQavcICDUgJT5oW10QCRKbJ6bg4r0/UY2M6BWd5tkxuGFRvCkgfHQ==
  
  seedrandom@^3.0.5:
    version "3.0.5"
    resolved "https://registry.npmjs.org/seedrandom/-/seedrandom-3.0.5.tgz#54edc85c95222525b0c7a6f6b3543d8e0b3aa0a7"
    integrity sha512-8OwmbklUNzwezjGInmZ+2clQmExQPvomqjL7LFqOYqtmuxRgQYqOD3mHaU+MvZn5FLUeVxVfQjwLZW/n/JFuqg==
  
  set-value@^2.0.1:
    version "2.0.1"
    resolved "https://registry.npmjs.org/set-value/-/set-value-2.0.1.tgz#a18d40530e6f07de4228c7defe4227af8cad005b"
    integrity sha512-JxHc1weCN68wRY0fhCoXpyK55m/XPHafOmK4UWD7m2CI14GMcFypt4w/0+NV5f/ZMby2F6S2wwA7fgynh9gWSw==
    dependencies:
      extend-shallow "^2.0.1"
      is-extendable "^0.1.1"
      is-plain-object "^2.0.3"
      split-string "^3.0.1"
  
  shiki@^0.14.4:
    version "0.14.5"
    resolved "https://registry.npmjs.org/shiki/-/shiki-0.14.5.tgz#375dd214e57eccb04f0daf35a32aa615861deb93"
    integrity sha512-1gCAYOcmCFONmErGTrS1fjzJLA7MGZmKzrBNX7apqSwhyITJg2O102uFzXUeBxNnEkDA9vHIKLyeKq0V083vIw==
    dependencies:
      ansi-sequence-parser "^1.1.0"
      jsonc-parser "^3.2.0"
      vscode-oniguruma "^1.7.0"
      vscode-textmate "^8.0.0"
  
  siginfo@^2.0.0:
    version "2.0.0"
    resolved "https://registry.npmjs.org/siginfo/-/siginfo-2.0.0.tgz#32e76c70b79724e3bb567cb9d543eb858ccfaf30"
    integrity sha512-ybx0WO1/8bSBLEWXZvEd7gMW3Sn3JFlW3TvX1nREbDLRNQNaeNN8WK0meBwPdAaOI7TtRRRJn/Es1zhrrCHu7g==
  
  sort-asc@^0.2.0:
    version "0.2.0"
    resolved "https://registry.npmjs.org/sort-asc/-/sort-asc-0.2.0.tgz#00a49e947bc25d510bfde2cbb8dffda9f50eb2fc"
    integrity sha512-umMGhjPeHAI6YjABoSTrFp2zaBtXBej1a0yKkuMUyjjqu6FJsTF+JYwCswWDg+zJfk/5npWUUbd33HH/WLzpaA==
  
  sort-desc@^0.2.0:
    version "0.2.0"
    resolved "https://registry.npmjs.org/sort-desc/-/sort-desc-0.2.0.tgz#280c1bdafc6577887cedbad1ed2e41c037976646"
    integrity sha512-NqZqyvL4VPW+RAxxXnB8gvE1kyikh8+pR+T+CXLksVRN9eiQqkQlPwqWYU0mF9Jm7UnctShlxLyAt1CaBOTL1w==
  
  sort-object@^3.0.3:
    version "3.0.3"
    resolved "https://registry.npmjs.org/sort-object/-/sort-object-3.0.3.tgz#945727165f244af9dc596ad4c7605a8dee80c269"
    integrity sha512-nK7WOY8jik6zaG9CRwZTaD5O7ETWDLZYMM12pqY8htll+7dYeqGfEUPcUBHOpSJg2vJOrvFIY2Dl5cX2ih1hAQ==
    dependencies:
      bytewise "^1.1.0"
      get-value "^2.0.2"
      is-extendable "^0.1.1"
      sort-asc "^0.2.0"
      sort-desc "^0.2.0"
      union-value "^1.0.1"
  
  source-map-js@^1.0.2:
    version "1.0.2"
    resolved "https://registry.npmjs.org/source-map-js/-/source-map-js-1.0.2.tgz#adbc361d9c62df380125e7f161f71c826f1e490c"
    integrity sha512-R0XvVJ9WusLiqTCEiGCmICCMplcCkIwwR11mOSD9CR5u+IXYdiseeEuXCVAjS54zqwkLcPNnmU4OeJ6tUrWhDw==
  
  split-string@^3.0.1:
    version "3.1.0"
    resolved "https://registry.npmjs.org/split-string/-/split-string-3.1.0.tgz#7cb09dda3a86585705c64b39a6466038682e8fe2"
    integrity sha512-NzNVhJDYpwceVVii8/Hu6DKfD2G+NrQHlS/V/qgv763EYudVwEcMQNxd2lh+0VrUByXN/oJkl5grOhYWvQUYiw==
    dependencies:
      extend-shallow "^3.0.0"
  
  stackback@0.0.2:
    version "0.0.2"
    resolved "https://registry.npmjs.org/stackback/-/stackback-0.0.2.tgz#1ac8a0d9483848d1695e418b6d031a3c3ce68e3b"
    integrity sha512-1XMJE5fQo1jGH6Y/7ebnwPOBEkIEnT4QF32d5R1+VXdXveM0IBMJt8zfaxX1P3QhVwrYe+576+jkANtSS2mBbw==
  
  std-env@^3.3.3:
    version "3.5.0"
    resolved "https://registry.npmjs.org/std-env/-/std-env-3.5.0.tgz#83010c9e29bd99bf6f605df87c19012d82d63b97"
    integrity sha512-JGUEaALvL0Mf6JCfYnJOTcobY+Nc7sG/TemDRBqCA0wEr4DER7zDchaaixTlmOxAjG1uRJmX82EQcxwTQTkqVA==
  
  strip-literal@^1.0.1:
    version "1.3.0"
    resolved "https://registry.npmjs.org/strip-literal/-/strip-literal-1.3.0.tgz#db3942c2ec1699e6836ad230090b84bb458e3a07"
    integrity sha512-PugKzOsyXpArk0yWmUwqOZecSO0GH0bPoctLcqNDH9J04pVW3lflYE0ujElBGTloevcxF5MofAOZ7C5l2b+wLg==
    dependencies:
      acorn "^8.10.0"
  
  supercluster@^8.0.1:
    version "8.0.1"
    resolved "https://registry.npmjs.org/supercluster/-/supercluster-8.0.1.tgz#9946ba123538e9e9ab15de472531f604e7372df5"
    integrity sha512-IiOea5kJ9iqzD2t7QJq/cREyLHTtSmUT6gQsweojg9WH2sYJqZK9SswTu6jrscO6D1G5v5vYZ9ru/eq85lXeZQ==
    dependencies:
      kdbush "^4.0.2"
  
  tabbable@^6.2.0:
    version "6.2.0"
    resolved "https://registry.npmjs.org/tabbable/-/tabbable-6.2.0.tgz#732fb62bc0175cfcec257330be187dcfba1f3b97"
    integrity sha512-Cat63mxsVJlzYvN51JmVXIgNoUokrIaT2zLclCXjRd8boZ0004U4KCs/sToJ75C6sdlByWxpYnb5Boif1VSFew==
  
  tiny-emitter@^2.1.0:
    version "2.1.0"
    resolved "https://registry.npmjs.org/tiny-emitter/-/tiny-emitter-2.1.0.tgz#1d1a56edfc51c43e863cbb5382a72330e3555423"
    integrity sha512-NB6Dk1A9xgQPMoGqC5CVXn123gWyte215ONT5Pp5a0yt4nlEoO1ZWeCwpncaekPHXO60i47ihFnZPiRPjRMq4Q==
  
  tinybench@^2.5.0:
    version "2.5.1"
    resolved "https://registry.npmjs.org/tinybench/-/tinybench-2.5.1.tgz#3408f6552125e53a5a48adee31261686fd71587e"
    integrity sha512-65NKvSuAVDP/n4CqH+a9w2kTlLReS9vhsAP06MWx+/89nMinJyB2icyl58RIcqCmIggpojIGeuJGhjU1aGMBSg==
  
  tinypool@^0.6.0:
    version "0.6.0"
    resolved "https://registry.npmjs.org/tinypool/-/tinypool-0.6.0.tgz#c3640b851940abe2168497bb6e43b49fafb3ba7b"
    integrity sha512-FdswUUo5SxRizcBc6b1GSuLpLjisa8N8qMyYoP3rl+bym+QauhtJP5bvZY1ytt8krKGmMLYIRl36HBZfeAoqhQ==
  
  tinyqueue@^2.0.3:
    version "2.0.3"
    resolved "https://registry.npmjs.org/tinyqueue/-/tinyqueue-2.0.3.tgz#64d8492ebf39e7801d7bd34062e29b45b2035f08"
    integrity sha512-ppJZNDuKGgxzkHihX8v9v9G5f+18gzaTfrukGrq6ueg0lmH4nqVnA2IPG0AEH3jKEk2GRJCUhDoqpoiw3PHLBA==
  
  tinyspy@^2.1.1:
    version "2.2.0"
    resolved "https://registry.npmjs.org/tinyspy/-/tinyspy-2.2.0.tgz#9dc04b072746520b432f77ea2c2d17933de5d6ce"
    integrity sha512-d2eda04AN/cPOR89F7Xv5bK/jrQEhmcLFe6HFldoeO9AJtps+fqEnh486vnT/8y4bw38pSyxDcTCAq+Ks2aJTg==
  
  type-detect@^4.0.0, type-detect@^4.0.8:
    version "4.0.8"
    resolved "https://registry.npmjs.org/type-detect/-/type-detect-4.0.8.tgz#7646fb5f18871cfbb7749e69bd39a6388eb7450c"
    integrity sha512-0fr/mIH1dlO+x7TlcMy+bIDqKPsw/70tVyeHW787goQjhmqaZe10uwLujubK9q9Lg6Fiho1KUKDYz0Z7k7g5/g==
  
  typed-function@^4.1.1:
    version "4.1.1"
    resolved "https://registry.npmjs.org/typed-function/-/typed-function-4.1.1.tgz#38ce3cae31f4f513bcb263563fdad27b2afa73e8"
    integrity sha512-Pq1DVubcvibmm8bYcMowjVnnMwPVMeh0DIdA8ad8NZY2sJgapANJmiigSUwlt+EgXxpfIv8MWrQXTIzkfYZLYQ==
  
  typewise-core@^1.2, typewise-core@^1.2.0:
    version "1.2.0"
    resolved "https://registry.npmjs.org/typewise-core/-/typewise-core-1.2.0.tgz#97eb91805c7f55d2f941748fa50d315d991ef195"
    integrity sha512-2SCC/WLzj2SbUwzFOzqMCkz5amXLlxtJqDKTICqg30x+2DZxcfZN2MvQZmGfXWKNWaKK9pBPsvkcwv8bF/gxKg==
  
  typewise@^1.0.3:
    version "1.0.3"
    resolved "https://registry.npmjs.org/typewise/-/typewise-1.0.3.tgz#1067936540af97937cc5dcf9922486e9fa284651"
    integrity sha512-aXofE06xGhaQSPzt8hlTY+/YWQhm9P0jYUp1f2XtmW/3Bk0qzXcyFWAtPoo2uTGQj1ZwbDuSyuxicq+aDo8lCQ==
    dependencies:
      typewise-core "^1.2.0"
  
  ufo@^1.3.0:
    version "1.3.2"
    resolved "https://registry.npmjs.org/ufo/-/ufo-1.3.2.tgz#c7d719d0628a1c80c006d2240e0d169f6e3c0496"
    integrity sha512-o+ORpgGwaYQXgqGDwd+hkS4PuZ3QnmqMMxRuajK/a38L6fTpcE5GPIfrf+L/KemFzfUpeUQc1rRS1iDBozvnFA==
  
  undici-types@~5.26.4:
    version "5.26.5"
    resolved "https://registry.npmjs.org/undici-types/-/undici-types-5.26.5.tgz#bcd539893d00b56e964fd2657a4866b221a65617"
    integrity sha512-JlCMO+ehdEIKqlFxk6IfVoAUVmgz7cU7zD/h9XZ0qzeosSHmUJVOzSQvvYSYWXkFXC+IfLKSIffhv0sVZup6pA==
  
  union-value@^1.0.1:
    version "1.0.1"
    resolved "https://registry.npmjs.org/union-value/-/union-value-1.0.1.tgz#0b6fe7b835aecda61c6ea4d4f02c14221e109847"
    integrity sha512-tJfXmxMeWYnczCVs7XAEvIV7ieppALdyepWMkHkwciRpZraG/xwT+s2JN8+pr1+8jCRf80FFzvr+MpQeeoF4Xg==
    dependencies:
      arr-union "^3.1.0"
      get-value "^2.0.6"
      is-extendable "^0.1.1"
      set-value "^2.0.1"
  
  vite-node@0.33.0:
    version "0.33.0"
    resolved "https://registry.npmjs.org/vite-node/-/vite-node-0.33.0.tgz#c6a3a527e0b8090da7436241bc875760ae0eef28"
    integrity sha512-19FpHYbwWWxDr73ruNahC+vtEdza52kA90Qb3La98yZ0xULqV8A5JLNPUff0f5zID4984tW7l3DH2przTJUZSw==
    dependencies:
      cac "^6.7.14"
      debug "^4.3.4"
      mlly "^1.4.0"
      pathe "^1.1.1"
      picocolors "^1.0.0"
      vite "^3.0.0 || ^4.0.0"
  
  "vite@^3.0.0 || ^4.0.0":
    version "4.5.0"
    resolved "https://registry.npmjs.org/vite/-/vite-4.5.0.tgz#ec406295b4167ac3bc23e26f9c8ff559287cff26"
    integrity sha512-ulr8rNLA6rkyFAlVWw2q5YJ91v098AFQ2R0PRFwPzREXOUJQPtFUG0t+/ZikhaOCDqFoDhN6/v8Sq0o4araFAw==
    dependencies:
      esbuild "^0.18.10"
      postcss "^8.4.27"
      rollup "^3.27.1"
    optionalDependencies:
      fsevents "~2.3.2"
  
  vite@^4.4.9:
    version "4.4.11"
    resolved "https://registry.npmjs.org/vite/-/vite-4.4.11.tgz#babdb055b08c69cfc4c468072a2e6c9ca62102b0"
    integrity sha512-ksNZJlkcU9b0lBwAGZGGaZHCMqHsc8OpgtoYhsQ4/I2v5cnpmmmqe5pM4nv/4Hn6G/2GhTdj0DhZh2e+Er1q5A==
    dependencies:
      esbuild "^0.18.10"
      postcss "^8.4.27"
      rollup "^3.27.1"
    optionalDependencies:
      fsevents "~2.3.2"
  
  vitepress@^1.0.0-rc.20:
    version "1.0.0-rc.20"
    resolved "https://registry.npmjs.org/vitepress/-/vitepress-1.0.0-rc.20.tgz#a5570f929c52cef010da26039cf9122c11e160a1"
    integrity sha512-CykMUJ8JLxLcGWek0ew3wln4RYbsOd1+0YzXITTpajggpynm2S331TNkJVOkHrMRc6GYe3y4pS40GfgcW0ZwAw==
    dependencies:
      "@docsearch/css" "^3.5.2"
      "@docsearch/js" "^3.5.2"
      "@types/markdown-it" "^13.0.1"
      "@vue/devtools-api" "^6.5.0"
      "@vueuse/core" "^10.4.1"
      "@vueuse/integrations" "^10.4.1"
      focus-trap "^7.5.2"
      mark.js "8.11.1"
      minisearch "^6.1.0"
      shiki "^0.14.4"
      vite "^4.4.9"
      vue "^3.3.4"
  
  vitest@0.33.0:
    version "0.33.0"
    resolved "https://registry.npmjs.org/vitest/-/vitest-0.33.0.tgz#e2be6153aec1d30e3460ac6d64265bf72da2551c"
    integrity sha512-1CxaugJ50xskkQ0e969R/hW47za4YXDUfWJDxip1hwbnhUjYolpfUn2AMOulqG/Dtd9WYAtkHmM/m3yKVrEejQ==
    dependencies:
      "@types/chai" "^4.3.5"
      "@types/chai-subset" "^1.3.3"
      "@types/node" "*"
      "@vitest/expect" "0.33.0"
      "@vitest/runner" "0.33.0"
      "@vitest/snapshot" "0.33.0"
      "@vitest/spy" "0.33.0"
      "@vitest/utils" "0.33.0"
      acorn "^8.9.0"
      acorn-walk "^8.2.0"
      cac "^6.7.14"
      chai "^4.3.7"
      debug "^4.3.4"
      local-pkg "^0.4.3"
      magic-string "^0.30.1"
      pathe "^1.1.1"
      picocolors "^1.0.0"
      std-env "^3.3.3"
      strip-literal "^1.0.1"
      tinybench "^2.5.0"
      tinypool "^0.6.0"
      vite "^3.0.0 || ^4.0.0"
      vite-node "0.33.0"
      why-is-node-running "^2.2.2"
  
  vscode-oniguruma@^1.7.0:
    version "1.7.0"
    resolved "https://registry.npmjs.org/vscode-oniguruma/-/vscode-oniguruma-1.7.0.tgz#439bfad8fe71abd7798338d1cd3dc53a8beea94b"
    integrity sha512-L9WMGRfrjOhgHSdOYgCt/yRMsXzLDJSL7BPrOZt73gU0iWO4mpqzqQzOz5srxqTvMBaR0XZTSrVWo4j55Rc6cA==
  
  vscode-textmate@^8.0.0:
    version "8.0.0"
    resolved "https://registry.npmjs.org/vscode-textmate/-/vscode-textmate-8.0.0.tgz#2c7a3b1163ef0441097e0b5d6389cd5504b59e5d"
    integrity sha512-AFbieoL7a5LMqcnOF04ji+rpXadgOXnZsxQr//r83kLPr7biP7am3g9zbaZIaBGwBRWeSvoMD4mgPdX3e4NWBg==
  
  vt-pbf@^3.1.3:
    version "3.1.3"
    resolved "https://registry.npmjs.org/vt-pbf/-/vt-pbf-3.1.3.tgz#68fd150756465e2edae1cc5c048e063916dcfaac"
    integrity sha512-2LzDFzt0mZKZ9IpVF2r69G9bXaP2Q2sArJCmcCgvfTdCCZzSyz4aCLoQyUilu37Ll56tCblIZrXFIjNUpGIlmA==
    dependencies:
      "@mapbox/point-geometry" "0.1.0"
      "@mapbox/vector-tile" "^1.3.1"
      pbf "^3.2.1"
  
  vue-demi@>=0.14.6:
    version "0.14.6"
    resolved "https://registry.npmjs.org/vue-demi/-/vue-demi-0.14.6.tgz#dc706582851dc1cdc17a0054f4fec2eb6df74c92"
    integrity sha512-8QA7wrYSHKaYgUxDA5ZC24w+eHm3sYCbp0EzcDwKqN3p6HqtTCGR/GVsPyZW92unff4UlcSh++lmqDWN3ZIq4w==
  
  vue@^3.3.4:
    version "3.3.4"
    resolved "https://registry.npmjs.org/vue/-/vue-3.3.4.tgz#8ed945d3873667df1d0fcf3b2463ada028f88bd6"
    integrity sha512-VTyEYn3yvIeY1Py0WaYGZsXnz3y5UnGi62GjVEqvEGPl6nxbOrCXbVOTQWBEJUqAyTUk2uJ5JLVnYJ6ZzGbrSw==
    dependencies:
      "@vue/compiler-dom" "3.3.4"
      "@vue/compiler-sfc" "3.3.4"
      "@vue/runtime-dom" "3.3.4"
      "@vue/server-renderer" "3.3.4"
      "@vue/shared" "3.3.4"
  
  wheater@^1.0.8:
    version "1.0.8"
    resolved "https://registry.npmjs.org/wheater/-/wheater-1.0.8.tgz#dcc74190e5c78f4abdfd22eb44e95c5e9ae225ee"
    integrity sha512-xpm/pc8+MK/wWQbQ4VaJMCo/kVwy9B0tM9tfb8s8ej3hDobNjQSONCzkKDl5yK2+wmQ+4hGgBd1k0Pd6WUQftw==
  
  which@^1.3.1:
    version "1.3.1"
    resolved "https://registry.npmjs.org/which/-/which-1.3.1.tgz#a45043d54f5805316da8d62f9f50918d3da70b0a"
    integrity sha512-HxJdYWq1MTIQbJ3nw0cqssHoTNU267KlrDuGZ1WYlxDStUtKUhOaJmh112/TZmHxxUfuJqPXSOm7tDyas0OSIQ==
    dependencies:
      isexe "^2.0.0"
  
  why-is-node-running@^2.2.2:
    version "2.2.2"
    resolved "https://registry.npmjs.org/why-is-node-running/-/why-is-node-running-2.2.2.tgz#4185b2b4699117819e7154594271e7e344c9973e"
    integrity sha512-6tSwToZxTOcotxHeA+qGCq1mVzKR3CwcJGmVcY+QE8SHy6TnpFnh8PAvPNHYr7EcuVeG0QSMxtYCuO1ta/G/oA==
    dependencies:
      siginfo "^2.0.0"
      stackback "0.0.2"
  
  yocto-queue@^1.0.0:
    version "1.0.0"
    resolved "https://registry.npmjs.org/yocto-queue/-/yocto-queue-1.0.0.tgz#7f816433fb2cbc511ec8bf7d263c3b58a1a3c251"
    integrity sha512-9bnSc/HEW2uRy67wc+T8UwauLuPJVn28jb+GtJY16iiKWyvmYJRXVT4UamsAEGQfPohgr2q4Tq0sQbQlxTfi1g==
